Oct 12, 2024 5:10:47 PM java.util.logging.LogManager$RootLogger log
INFO: Start of solver :getSolution() : Sat Oct 12 17:10:46 CEST 2024


Oct 12, 2024 5:10:47 PM java.util.logging.LogManager$RootLogger log
INFO: 
timeout(solve_mapping_problem([ 
reserved([scu,0,clkctrl,0,pll],'clock_xmc4$01551378862$0'),
reserved([scu,0,clkctrl,0,sys],'clock_xmc4$01551375569$0'),
reserved([scu,0,clkctrl,0,cpu],'clock_xmc4$01551391222$0'),
reserved([scu,0,clkctrl,0,perbridge],'clock_xmc4$494804424$0'),
reserved([scu,0,clkctrl,0,ccu],'clock_xmc4$01551391625$0'),
reserved([scu,0,clkctrl,0,wdt],'clock_xmc4$01551372375$0'),
reserved([scu,0,clkctrl,0,usb],'clock_xmc4$01551373850$0'),
reserved([scu,0,clkctrl,0,sdmmc],'clock_xmc4$01551381723$0'),
reserved([scu,0,pwrctrl,0,hibernate],'clock_xmc4$0778278092$0'),
reserved([scu,0,rtcclksel],'clock_xmc4$1142722683$0'),
reserved([scu,0,trap,0,sysoscwd],'clock_xmc4$1091210735$0'),
reserved([scu,0,trap,0,sysvcolock],'clock_xmc4$1586947406$0'),
reserved([scu,0,trap,0,usbvcolock],'clock_xmc4$0261647995$0'),
reserved([scu,0,trap,0,ulpwdg],'clock_xmc4$01047137491$0'),
reserved([cpu,0,exception,nmi],'cpu_ctrl_xmc4$01637679009$0'),
reserved([cpu,0,exception,hardfault],'cpu_ctrl_xmc4$0571328980$0'),
reserved([cpu,0,exception,memmanage],'cpu_ctrl_xmc4$1768468879$0'),
reserved([cpu,0,exception,busfault],'cpu_ctrl_xmc4$1763234541$0'),
reserved([cpu,0,exception,usagefault],'cpu_ctrl_xmc4$1814460844$0'),
reserved([cpu,0,debug],'cpu_ctrl_xmc4$1964564605$0'),
reserved([debug_port,_,pad,_],'cpu_ctrl_xmc4$01540614004$0'),
reserved([debug_port,_,pad,_],'cpu_ctrl_xmc4$01540614322$0'),
reserved([p,DIGITAL_IO0sv0,pad,_],'digital_io$01383135420$0'),
reserved([devicepackage,0,_],'digital_io$36800462$0'),
uri([devicepackage,0,84],'digital_io$36800462$0'),
reserved([p,DIGITAL_IO1sv0,pad,_],'digital_io$01893669597$1'),
reserved([devicepackage,0,_],'digital_io$02001255827$1'),
uri([devicepackage,0,75],'digital_io$02001255827$1'),
reserved([ccu4,GLOBAL_CCU40sv0,global],'global_ccu4$01760137752$0'),
reserved([scu,_,gcu,ccu4_global_enable,GLOBAL_CCU40sv0],'global_ccu4$89752826$0'),
reserved([ccu4,_,cc4,_],'pwm_ccu4$01157338713$0'),
reserved([p,_,pad,_],'pwm_ccu4$02000024300$0'),
reserved([devicepackage,0,_],'pwm_ccu4$1717475678$0'),
uri([devicepackage,0,49],'pwm_ccu4$1717475678$0'),
reserved([ccu4,_,cc4,_],'pwm_ccu4$1099572294$1'),
reserved([p,_,pad,_],'pwm_ccu4$02067031053$1'),
reserved([devicepackage,0,_],'pwm_ccu4$1728791805$1'),
uri([devicepackage,0,50],'pwm_ccu4$1728791805$1'),
reserved([ccu8,GLOBAL_CCU80sv0,global],'global_ccu8$1465655520$0'),
reserved([scu,_,gcu,ccu8_global_enable,GLOBAL_CCU80sv0],'global_ccu8$1118816002$0'),
reserved([ccu8,_,cc8,_],'pwm_ccu8$01113979708$0'),
reserved([p,_,pad,_],'pwm_ccu8$1522031039$0'),
reserved([devicepackage,0,_],'pwm_ccu8$0324723339$0'),
uri([devicepackage,0,46],'pwm_ccu8$0324723339$0'),
reserved([ccu8,_,cc8,_],'pwm_ccu8$1142931299$1'),
reserved([p,_,pad,_],'pwm_ccu8$1733381952$1'),
reserved([devicepackage,0,_],'pwm_ccu8$636890678$1'),
uri([devicepackage,0,45],'pwm_ccu8$636890678$1'),
reserved([ccu8,_,cc8,_],'pwm_ccu8$0895124990$2'),
reserved([p,_,pad,_],'pwm_ccu8$1944732866$2'),
reserved([devicepackage,0,_],'pwm_ccu8$1598504696$2'),
uri([devicepackage,0,53],'pwm_ccu8$1598504696$2'),
reserved([ccu8,_,cc8,_],'pwm_ccu8$1361786017$3'),
reserved([p,_,pad,_],'pwm_ccu8$2127454626$3'),
reserved([devicepackage,0,_],'pwm_ccu8$01763477736$3'),
uri([devicepackage,0,40],'pwm_ccu8$01763477736$3'),
reserved([vadc,_,global_limits],'global_adc$01890798523$0'),
reserved([vadc,_,global],'global_adc$1790945385$0'),
reserved([vadc,_,group,0,config],'global_adc$1796505175$0'),
reserved([vadc,_,group,1,config],'global_adc$1796505176$0'),
reserved([p,_,pad,_],'adc_measurement_adv$1151123514$0'),
reserved([p,_,pad,_],'adc_measurement_adv$1151123518$0'),
reserved([p,_,pad,_],'adc_measurement_adv$1151123522$0'),
reserved([p,_,pad,_],'adc_measurement_adv$1325090647$0'),
reserved([p,_,pad,_],'adc_measurement_adv$1325090651$0'),
reserved([devicepackage,0,_],'adc_measurement_adv$01177095990$0'),
uri([devicepackage,0,31],'adc_measurement_adv$01177095990$0'),
reserved([devicepackage,0,_],'adc_measurement_adv$01177095986$0'),
uri([devicepackage,0,30],'adc_measurement_adv$01177095986$0'),
reserved([devicepackage,0,_],'adc_measurement_adv$01177095982$0'),
uri([devicepackage,0,27],'adc_measurement_adv$01177095982$0'),
reserved([devicepackage,0,_],'adc_measurement_adv$02130237241$0'),
uri([devicepackage,0,26],'adc_measurement_adv$02130237241$0'),
reserved([devicepackage,0,_],'adc_measurement_adv$02130237237$0'),
uri([devicepackage,0,25],'adc_measurement_adv$02130237237$0'),
reserved([vadc,0,group,_,ch,ADC_MEASUREMENT_ADV0sv0],'adc_measurement_adv$1424598793$0'),
reserved([vadc,0,group,_,ch,ADC_MEASUREMENT_ADV0sv4],'adc_measurement_adv$1424598797$0'),
reserved([vadc,0,group,_,ch,ADC_MEASUREMENT_ADV0sv8],'adc_measurement_adv$1424598801$0'),
reserved([vadc,0,group,_,ch,ADC_MEASUREMENT_ADV0sv12],'adc_measurement_adv$1212889704$0'),
reserved([vadc,0,group,_,ch,ADC_MEASUREMENT_ADV0sv16],'adc_measurement_adv$1212889708$0'),
reserved([vadc,0,group,ADC_MEASUREMENT_ADV0sv20,ADC_MEASUREMENT_ADV0sv21,ADC_MEASUREMENT_ADV0sv22],'adc_measurement_adv$0461604565$0'),
reserved([vadc,0,group,ADC_MEASUREMENT_ADV0sv23,ADC_MEASUREMENT_ADV0sv24,ADC_MEASUREMENT_ADV0sv25],'adc_measurement_adv$0461604564$0'),
reserved([vadc,0,group,ADC_MEASUREMENT_ADV0sv26,ADC_MEASUREMENT_ADV0sv27,ADC_MEASUREMENT_ADV0sv28],'adc_measurement_adv$0461604563$0'),
reserved([vadc,0,group,ADC_MEASUREMENT_ADV0sv29,ADC_MEASUREMENT_ADV0sv30,ADC_MEASUREMENT_ADV0sv31],'adc_measurement_adv$0461604562$0'),
reserved([vadc,0,group,ADC_MEASUREMENT_ADV0sv32,ADC_MEASUREMENT_ADV0sv33,ADC_MEASUREMENT_ADV0sv34],'adc_measurement_adv$0461604561$0'),
reserved([vadc,_,group,_,scan],'adc_measurement_adv$431302940$0'),
reserved([vadc,_,group,_,class,_],'adc_measurement_adv$248008525$0'),
reserved([cpu,0,nvic,interrupt,_],'adc_measurement_adv$348449956$0'),
reserved([p,_,pad,_],'adc_measurement_adv$2120704537$1'),
reserved([p,_,pad,_],'adc_measurement_adv$2120704541$1'),
reserved([p,_,pad,_],'adc_measurement_adv$2120704545$1'),
reserved([p,_,pad,_],'adc_measurement_adv$1317331288$1'),
reserved([p,_,pad,_],'adc_measurement_adv$1317331292$1'),
reserved([p,_,pad,_],'adc_measurement_adv$1317331293$1'),
reserved([p,_,pad,_],'adc_measurement_adv$1317331294$1'),
reserved([p,_,pad,_],'adc_measurement_adv$1317331295$1'),
reserved([devicepackage,0,_],'adc_measurement_adv$2093177385$1'),
uri([devicepackage,0,37],'adc_measurement_adv$2093177385$1'),
reserved([devicepackage,0,_],'adc_measurement_adv$2093177389$1'),
uri([devicepackage,0,36],'adc_measurement_adv$2093177389$1'),
reserved([devicepackage,0,_],'adc_measurement_adv$2093177393$1'),
uri([devicepackage,0,29],'adc_measurement_adv$2093177393$1'),
reserved([devicepackage,0,_],'adc_measurement_adv$463989576$1'),
uri([devicepackage,0,28],'adc_measurement_adv$463989576$1'),
reserved([devicepackage,0,_],'adc_measurement_adv$463989580$1'),
uri([devicepackage,0,23],'adc_measurement_adv$463989580$1'),
reserved([devicepackage,0,_],'adc_measurement_adv$463989581$1'),
uri([devicepackage,0,22],'adc_measurement_adv$463989581$1'),
reserved([devicepackage,0,_],'adc_measurement_adv$463989582$1'),
uri([devicepackage,0,21],'adc_measurement_adv$463989582$1'),
reserved([devicepackage,0,_],'adc_measurement_adv$463989583$1'),
uri([devicepackage,0,20],'adc_measurement_adv$463989583$1'),
reserved([vadc,0,group,_,ch,ADC_MEASUREMENT_ADV1sv0],'adc_measurement_adv$0276141686$1'),
reserved([vadc,0,group,_,ch,ADC_MEASUREMENT_ADV1sv4],'adc_measurement_adv$0276141682$1'),
reserved([vadc,0,group,_,ch,ADC_MEASUREMENT_ADV1sv8],'adc_measurement_adv$0276141678$1'),
reserved([vadc,0,group,_,ch,ADC_MEASUREMENT_ADV1sv12],'adc_measurement_adv$29542407$1'),
reserved([vadc,0,group,_,ch,ADC_MEASUREMENT_ADV1sv16],'adc_measurement_adv$29542411$1'),
reserved([vadc,0,group,_,ch,ADC_MEASUREMENT_ADV1sv17],'adc_measurement_adv$29542412$1'),
reserved([vadc,0,group,_,ch,ADC_MEASUREMENT_ADV1sv18],'adc_measurement_adv$29542413$1'),
reserved([vadc,0,group,_,ch,ADC_MEASUREMENT_ADV1sv19],'adc_measurement_adv$29542414$1'),
reserved([vadc,0,group,ADC_MEASUREMENT_ADV1sv20,ADC_MEASUREMENT_ADV1sv21,ADC_MEASUREMENT_ADV1sv22],'adc_measurement_adv$1509334892$1'),
reserved([vadc,0,group,ADC_MEASUREMENT_ADV1sv23,ADC_MEASUREMENT_ADV1sv24,ADC_MEASUREMENT_ADV1sv25],'adc_measurement_adv$1509334893$1'),
reserved([vadc,0,group,ADC_MEASUREMENT_ADV1sv26,ADC_MEASUREMENT_ADV1sv27,ADC_MEASUREMENT_ADV1sv28],'adc_measurement_adv$1509334894$1'),
reserved([vadc,0,group,ADC_MEASUREMENT_ADV1sv29,ADC_MEASUREMENT_ADV1sv30,ADC_MEASUREMENT_ADV1sv31],'adc_measurement_adv$1509334895$1'),
reserved([vadc,0,group,ADC_MEASUREMENT_ADV1sv32,ADC_MEASUREMENT_ADV1sv33,ADC_MEASUREMENT_ADV1sv34],'adc_measurement_adv$1509334896$1'),
reserved([vadc,0,group,ADC_MEASUREMENT_ADV1sv35,ADC_MEASUREMENT_ADV1sv36,ADC_MEASUREMENT_ADV1sv37],'adc_measurement_adv$1509334897$1'),
reserved([vadc,0,group,ADC_MEASUREMENT_ADV1sv38,ADC_MEASUREMENT_ADV1sv39,ADC_MEASUREMENT_ADV1sv40],'adc_measurement_adv$1509334898$1'),
reserved([vadc,0,group,ADC_MEASUREMENT_ADV1sv41,ADC_MEASUREMENT_ADV1sv42,ADC_MEASUREMENT_ADV1sv43],'adc_measurement_adv$1509334899$1'),
reserved([vadc,_,group,_,scan],'adc_measurement_adv$1784612637$1'),
reserved([vadc,_,group,_,class,_],'adc_measurement_adv$1492773006$1'),
reserved([cpu,0,nvic,interrupt,_],'adc_measurement_adv$1593214437$1'),
reserved([ccu4,GLOBAL_CCU41sv0,global],'global_ccu4$01748821625$1'),
reserved([scu,_,gcu,ccu4_global_enable,GLOBAL_CCU41sv0],'global_ccu4$01610987653$1'),
reserved([ccu4,_,cc4,_],'timer$844337652$0'),
reserved([cpu,0,nvic,interrupt,_],'interrupt$01436523993$0'),
reserved([ccu4,_,cc4,_],'timer$333803475$1'),
reserved([cpu,0,nvic,interrupt,_],'interrupt$01947058170$1'),
reserved([ccu4,_,cc4,_],'pwm_ccu4$0938483995$2'),
reserved([p,DIGITAL_IO3sv0,pad,_],'digital_io$1380229345$3'),
reserved([devicepackage,0,_],'digital_io$01782401109$3'),
reserved([usic,_,channel,_],'uart$02118624699$0'),
reserved([p,_,pad,_],'uart$01053640812$0'),
reserved([p,_,pad,_],'uart$01053640750$0'),
reserved([cpu,0,nvic,interrupt,_],'uart$01148723541$0'),
reserved([cpu,0,nvic,interrupt,_],'uart$01148723603$0'),
reserved([devicepackage,0,_],'uart$0164365666$0'),
reserved([devicepackage,0,_],'uart$0164365604$0'),
uri([devicepackage,0,41],'uart$0164365604$0'),
reserved([p,DIGITAL_IO4sv0,pad,_],'digital_io$869695168$4'),
reserved([devicepackage,0,_],'digital_io$474509898$4'),
uri([devicepackage,0,52],'digital_io$474509898$4'),
reserved([p,DIGITAL_IO5sv0,pad,_],'digital_io$359160991$5'),
reserved([devicepackage,0,_],'digital_io$01563546391$5'),
uri([devicepackage,0,2],'digital_io$01563546391$5'),
reserved([usic,_,channel,_],'i2c_master$0517290200$0'),
reserved([p,_,pad,_],'i2c_master$0125934497$0'),
reserved([p,_,pad,_],'i2c_master$0125934517$0'),
reserved([devicepackage,0,_],'i2c_master$01076929067$0'),
uri([devicepackage,0,74],'i2c_master$01076929067$0'),
reserved([devicepackage,0,_],'i2c_master$01076929087$0'),
uri([devicepackage,0,88],'i2c_master$01076929087$0'),
signal('clock_xmc4$494804424$0',fpb,'clock_xmc4$494804424$0$fpb'),
signal('clock_xmc4$01551391625$0',fccu,'clock_xmc4$01551391625$0$fccu'),
signal('cpu_ctrl_xmc4$01637679009$0',nmi_in,'cpu_ctrl_xmc4$01637679009$0$nmi_in'),
signal('cpu_ctrl_xmc4$1964564605$0',db_tck,'cpu_ctrl_xmc4$1964564605$0$db_tck'),
signal('cpu_ctrl_xmc4$1964564605$0',db_tms,'cpu_ctrl_xmc4$1964564605$0$db_tms'),
signal('digital_io$01383135420$0',swreg_out,'digital_io$01383135420$0$swreg_out'),
signal('digital_io$01383135420$0',pad,'digital_io$01383135420$0$pad'),
signal('digital_io$36800462$0',pin,'digital_io$36800462$0$pin'),
signal('digital_io$01893669597$1',swreg_out,'digital_io$01893669597$1$swreg_out'),
signal('digital_io$01893669597$1',pad,'digital_io$01893669597$1$pad'),
signal('digital_io$02001255827$1',pin,'digital_io$02001255827$1$pin'),
signal('global_ccu4$01760137752$0',global_signal,'global_ccu4$01760137752$0$global_signal'),
signal('global_ccu4$01760137752$0',clk,'global_ccu4$01760137752$0$clk'),
signal('global_ccu4$89752826$0',gsc_enable,'global_ccu4$89752826$0$gsc_enable'),
signal('pwm_ccu4$01157338713$0',global_signal,'pwm_ccu4$01157338713$0$global_signal'),
signal('pwm_ccu4$01157338713$0',st,'pwm_ccu4$01157338713$0$st'),
signal('pwm_ccu4$01157338713$0',out,'pwm_ccu4$01157338713$0$out'),
signal('pwm_ccu4$01157338713$0',gp0_unsync,'pwm_ccu4$01157338713$0$gp0_unsync'),
signal('pwm_ccu4$01157338713$0',gp1_unsync,'pwm_ccu4$01157338713$0$gp1_unsync'),
signal('pwm_ccu4$01157338713$0',gp2_unsync,'pwm_ccu4$01157338713$0$gp2_unsync'),
signal('pwm_ccu4$01157338713$0',gp0,'pwm_ccu4$01157338713$0$gp0'),
signal('pwm_ccu4$01157338713$0',gp1,'pwm_ccu4$01157338713$0$gp1'),
signal('pwm_ccu4$01157338713$0',gp2,'pwm_ccu4$01157338713$0$gp2'),
signal('pwm_ccu4$01157338713$0',ps,'pwm_ccu4$01157338713$0$ps'),
signal('pwm_ccu4$01157338713$0',mci,'pwm_ccu4$01157338713$0$mci'),
signal('pwm_ccu4$01157338713$0',mcss,'pwm_ccu4$01157338713$0$mcss'),
signal('pwm_ccu4$02000024300$0',pad,'pwm_ccu4$02000024300$0$pad'),
signal('pwm_ccu4$1717475678$0',pin,'pwm_ccu4$1717475678$0$pin'),
signal('pwm_ccu4$1099572294$1',global_signal,'pwm_ccu4$1099572294$1$global_signal'),
signal('pwm_ccu4$1099572294$1',st,'pwm_ccu4$1099572294$1$st'),
signal('pwm_ccu4$1099572294$1',out,'pwm_ccu4$1099572294$1$out'),
signal('pwm_ccu4$1099572294$1',gp0_unsync,'pwm_ccu4$1099572294$1$gp0_unsync'),
signal('pwm_ccu4$1099572294$1',gp1_unsync,'pwm_ccu4$1099572294$1$gp1_unsync'),
signal('pwm_ccu4$1099572294$1',gp2_unsync,'pwm_ccu4$1099572294$1$gp2_unsync'),
signal('pwm_ccu4$1099572294$1',gp0,'pwm_ccu4$1099572294$1$gp0'),
signal('pwm_ccu4$1099572294$1',gp1,'pwm_ccu4$1099572294$1$gp1'),
signal('pwm_ccu4$1099572294$1',gp2,'pwm_ccu4$1099572294$1$gp2'),
signal('pwm_ccu4$1099572294$1',ps,'pwm_ccu4$1099572294$1$ps'),
signal('pwm_ccu4$1099572294$1',mci,'pwm_ccu4$1099572294$1$mci'),
signal('pwm_ccu4$1099572294$1',mcss,'pwm_ccu4$1099572294$1$mcss'),
signal('pwm_ccu4$02067031053$1',pad,'pwm_ccu4$02067031053$1$pad'),
signal('pwm_ccu4$1728791805$1',pin,'pwm_ccu4$1728791805$1$pin'),
signal('global_ccu8$1465655520$0',global_signal,'global_ccu8$1465655520$0$global_signal'),
signal('global_ccu8$1465655520$0',clk,'global_ccu8$1465655520$0$clk'),
signal('global_ccu8$1118816002$0',gsc_enable,'global_ccu8$1118816002$0$gsc_enable'),
signal('pwm_ccu8$01113979708$0',global_signal,'pwm_ccu8$01113979708$0$global_signal'),
signal('pwm_ccu8$01113979708$0',st,'pwm_ccu8$01113979708$0$st'),
signal('pwm_ccu8$01113979708$0',sta,'pwm_ccu8$01113979708$0$sta'),
signal('pwm_ccu8$01113979708$0',stb,'pwm_ccu8$01113979708$0$stb'),
signal('pwm_ccu8$01113979708$0',out0,'pwm_ccu8$01113979708$0$out0'),
signal('pwm_ccu8$01113979708$0',out1,'pwm_ccu8$01113979708$0$out1'),
signal('pwm_ccu8$01113979708$0',out2,'pwm_ccu8$01113979708$0$out2'),
signal('pwm_ccu8$01113979708$0',out3,'pwm_ccu8$01113979708$0$out3'),
signal('pwm_ccu8$01113979708$0',gp0_unsync,'pwm_ccu8$01113979708$0$gp0_unsync'),
signal('pwm_ccu8$01113979708$0',gp1_unsync,'pwm_ccu8$01113979708$0$gp1_unsync'),
signal('pwm_ccu8$01113979708$0',gp2_unsync,'pwm_ccu8$01113979708$0$gp2_unsync'),
signal('pwm_ccu8$01113979708$0',gp0,'pwm_ccu8$01113979708$0$gp0'),
signal('pwm_ccu8$01113979708$0',gp1,'pwm_ccu8$01113979708$0$gp1'),
signal('pwm_ccu8$01113979708$0',gp2,'pwm_ccu8$01113979708$0$gp2'),
signal('pwm_ccu8$01113979708$0',ps,'pwm_ccu8$01113979708$0$ps'),
signal('pwm_ccu8$01113979708$0',mci0,'pwm_ccu8$01113979708$0$mci0'),
signal('pwm_ccu8$01113979708$0',mci1,'pwm_ccu8$01113979708$0$mci1'),
signal('pwm_ccu8$01113979708$0',mci2,'pwm_ccu8$01113979708$0$mci2'),
signal('pwm_ccu8$01113979708$0',mci3,'pwm_ccu8$01113979708$0$mci3'),
signal('pwm_ccu8$01113979708$0',mcss,'pwm_ccu8$01113979708$0$mcss'),
signal('pwm_ccu8$1522031039$0',pad,'pwm_ccu8$1522031039$0$pad'),
signal('pwm_ccu8$0324723339$0',pin,'pwm_ccu8$0324723339$0$pin'),
signal('pwm_ccu8$1142931299$1',global_signal,'pwm_ccu8$1142931299$1$global_signal'),
signal('pwm_ccu8$1142931299$1',st,'pwm_ccu8$1142931299$1$st'),
signal('pwm_ccu8$1142931299$1',sta,'pwm_ccu8$1142931299$1$sta'),
signal('pwm_ccu8$1142931299$1',stb,'pwm_ccu8$1142931299$1$stb'),
signal('pwm_ccu8$1142931299$1',out0,'pwm_ccu8$1142931299$1$out0'),
signal('pwm_ccu8$1142931299$1',out1,'pwm_ccu8$1142931299$1$out1'),
signal('pwm_ccu8$1142931299$1',out2,'pwm_ccu8$1142931299$1$out2'),
signal('pwm_ccu8$1142931299$1',out3,'pwm_ccu8$1142931299$1$out3'),
signal('pwm_ccu8$1142931299$1',gp0_unsync,'pwm_ccu8$1142931299$1$gp0_unsync'),
signal('pwm_ccu8$1142931299$1',gp1_unsync,'pwm_ccu8$1142931299$1$gp1_unsync'),
signal('pwm_ccu8$1142931299$1',gp2_unsync,'pwm_ccu8$1142931299$1$gp2_unsync'),
signal('pwm_ccu8$1142931299$1',gp0,'pwm_ccu8$1142931299$1$gp0'),
signal('pwm_ccu8$1142931299$1',gp1,'pwm_ccu8$1142931299$1$gp1'),
signal('pwm_ccu8$1142931299$1',gp2,'pwm_ccu8$1142931299$1$gp2'),
signal('pwm_ccu8$1142931299$1',ps,'pwm_ccu8$1142931299$1$ps'),
signal('pwm_ccu8$1142931299$1',mci0,'pwm_ccu8$1142931299$1$mci0'),
signal('pwm_ccu8$1142931299$1',mci1,'pwm_ccu8$1142931299$1$mci1'),
signal('pwm_ccu8$1142931299$1',mci2,'pwm_ccu8$1142931299$1$mci2'),
signal('pwm_ccu8$1142931299$1',mci3,'pwm_ccu8$1142931299$1$mci3'),
signal('pwm_ccu8$1142931299$1',mcss,'pwm_ccu8$1142931299$1$mcss'),
signal('pwm_ccu8$1733381952$1',pad,'pwm_ccu8$1733381952$1$pad'),
signal('pwm_ccu8$636890678$1',pin,'pwm_ccu8$636890678$1$pin'),
signal('pwm_ccu8$0895124990$2',global_signal,'pwm_ccu8$0895124990$2$global_signal'),
signal('pwm_ccu8$0895124990$2',st,'pwm_ccu8$0895124990$2$st'),
signal('pwm_ccu8$0895124990$2',sta,'pwm_ccu8$0895124990$2$sta'),
signal('pwm_ccu8$0895124990$2',stb,'pwm_ccu8$0895124990$2$stb'),
signal('pwm_ccu8$0895124990$2',out0,'pwm_ccu8$0895124990$2$out0'),
signal('pwm_ccu8$0895124990$2',out1,'pwm_ccu8$0895124990$2$out1'),
signal('pwm_ccu8$0895124990$2',out2,'pwm_ccu8$0895124990$2$out2'),
signal('pwm_ccu8$0895124990$2',out3,'pwm_ccu8$0895124990$2$out3'),
signal('pwm_ccu8$0895124990$2',gp0_unsync,'pwm_ccu8$0895124990$2$gp0_unsync'),
signal('pwm_ccu8$0895124990$2',gp1_unsync,'pwm_ccu8$0895124990$2$gp1_unsync'),
signal('pwm_ccu8$0895124990$2',gp2_unsync,'pwm_ccu8$0895124990$2$gp2_unsync'),
signal('pwm_ccu8$0895124990$2',gp0,'pwm_ccu8$0895124990$2$gp0'),
signal('pwm_ccu8$0895124990$2',gp1,'pwm_ccu8$0895124990$2$gp1'),
signal('pwm_ccu8$0895124990$2',gp2,'pwm_ccu8$0895124990$2$gp2'),
signal('pwm_ccu8$0895124990$2',ps,'pwm_ccu8$0895124990$2$ps'),
signal('pwm_ccu8$0895124990$2',mci0,'pwm_ccu8$0895124990$2$mci0'),
signal('pwm_ccu8$0895124990$2',mci1,'pwm_ccu8$0895124990$2$mci1'),
signal('pwm_ccu8$0895124990$2',mci2,'pwm_ccu8$0895124990$2$mci2'),
signal('pwm_ccu8$0895124990$2',mci3,'pwm_ccu8$0895124990$2$mci3'),
signal('pwm_ccu8$0895124990$2',mcss,'pwm_ccu8$0895124990$2$mcss'),
signal('pwm_ccu8$1944732866$2',pad,'pwm_ccu8$1944732866$2$pad'),
signal('pwm_ccu8$1598504696$2',pin,'pwm_ccu8$1598504696$2$pin'),
signal('pwm_ccu8$1361786017$3',global_signal,'pwm_ccu8$1361786017$3$global_signal'),
signal('pwm_ccu8$1361786017$3',st,'pwm_ccu8$1361786017$3$st'),
signal('pwm_ccu8$1361786017$3',sta,'pwm_ccu8$1361786017$3$sta'),
signal('pwm_ccu8$1361786017$3',stb,'pwm_ccu8$1361786017$3$stb'),
signal('pwm_ccu8$1361786017$3',out0,'pwm_ccu8$1361786017$3$out0'),
signal('pwm_ccu8$1361786017$3',out1,'pwm_ccu8$1361786017$3$out1'),
signal('pwm_ccu8$1361786017$3',out2,'pwm_ccu8$1361786017$3$out2'),
signal('pwm_ccu8$1361786017$3',out3,'pwm_ccu8$1361786017$3$out3'),
signal('pwm_ccu8$1361786017$3',gp0_unsync,'pwm_ccu8$1361786017$3$gp0_unsync'),
signal('pwm_ccu8$1361786017$3',gp1_unsync,'pwm_ccu8$1361786017$3$gp1_unsync'),
signal('pwm_ccu8$1361786017$3',gp2_unsync,'pwm_ccu8$1361786017$3$gp2_unsync'),
signal('pwm_ccu8$1361786017$3',gp0,'pwm_ccu8$1361786017$3$gp0'),
signal('pwm_ccu8$1361786017$3',gp1,'pwm_ccu8$1361786017$3$gp1'),
signal('pwm_ccu8$1361786017$3',gp2,'pwm_ccu8$1361786017$3$gp2'),
signal('pwm_ccu8$1361786017$3',ps,'pwm_ccu8$1361786017$3$ps'),
signal('pwm_ccu8$1361786017$3',mci0,'pwm_ccu8$1361786017$3$mci0'),
signal('pwm_ccu8$1361786017$3',mci1,'pwm_ccu8$1361786017$3$mci1'),
signal('pwm_ccu8$1361786017$3',mci2,'pwm_ccu8$1361786017$3$mci2'),
signal('pwm_ccu8$1361786017$3',mci3,'pwm_ccu8$1361786017$3$mci3'),
signal('pwm_ccu8$1361786017$3',mcss,'pwm_ccu8$1361786017$3$mcss'),
signal('pwm_ccu8$2127454626$3',pad,'pwm_ccu8$2127454626$3$pad'),
signal('pwm_ccu8$01763477736$3',pin,'pwm_ccu8$01763477736$3$pin'),
signal('global_adc$1790945385$0',global_signal,'global_adc$1790945385$0$global_signal'),
signal('global_adc$1796505175$0',garbcnt,'global_adc$1796505175$0$garbcnt'),
signal('global_adc$1796505175$0',gqueuereq,'global_adc$1796505175$0$gqueuereq'),
signal('global_adc$1796505175$0',gscanreq,'global_adc$1796505175$0$gscanreq'),
signal('global_adc$1796505175$0',gsyncreq,'global_adc$1796505175$0$gsyncreq'),
signal('global_adc$1796505176$0',garbcnt,'global_adc$1796505176$0$garbcnt'),
signal('global_adc$1796505176$0',gqueuereq,'global_adc$1796505176$0$gqueuereq'),
signal('global_adc$1796505176$0',gscanreq,'global_adc$1796505176$0$gscanreq'),
signal('global_adc$1796505176$0',gsyncreq,'global_adc$1796505176$0$gsyncreq'),
signal('adc_measurement_adv$348449956$0',signal_in,'adc_measurement_adv$348449956$0$signal_in'),
signal('adc_measurement_adv$248008525$0',ch_class_sel,'adc_measurement_adv$248008525$0$ch_class_sel'),
signal('adc_measurement_adv$248008525$0',scan_class_sel,'adc_measurement_adv$248008525$0$scan_class_sel'),
signal('adc_measurement_adv$431302940$0',class_sel,'adc_measurement_adv$431302940$0$class_sel'),
signal('adc_measurement_adv$431302940$0',select,'adc_measurement_adv$431302940$0$select'),
signal('adc_measurement_adv$431302940$0',req,'adc_measurement_adv$431302940$0$req'),
signal('adc_measurement_adv$431302940$0',global_signal,'adc_measurement_adv$431302940$0$global_signal'),
signal('adc_measurement_adv$431302940$0',greqtr1sel,'adc_measurement_adv$431302940$0$greqtr1sel'),
signal('adc_measurement_adv$431302940$0',greqgt1sel,'adc_measurement_adv$431302940$0$greqgt1sel'),
signal('adc_measurement_adv$431302940$0',sev,'adc_measurement_adv$431302940$0$sev'),
signal('adc_measurement_adv$01177095990$0',pin,'adc_measurement_adv$01177095990$0$pin'),
signal('adc_measurement_adv$01177095986$0',pin,'adc_measurement_adv$01177095986$0$pin'),
signal('adc_measurement_adv$01177095982$0',pin,'adc_measurement_adv$01177095982$0$pin'),
signal('adc_measurement_adv$02130237241$0',pin,'adc_measurement_adv$02130237241$0$pin'),
signal('adc_measurement_adv$02130237237$0',pin,'adc_measurement_adv$02130237237$0$pin'),
signal('adc_measurement_adv$1151123514$0',pad,'adc_measurement_adv$1151123514$0$pad'),
signal('adc_measurement_adv$1151123518$0',pad,'adc_measurement_adv$1151123518$0$pad'),
signal('adc_measurement_adv$1151123522$0',pad,'adc_measurement_adv$1151123522$0$pad'),
signal('adc_measurement_adv$1325090647$0',pad,'adc_measurement_adv$1325090647$0$pad'),
signal('adc_measurement_adv$1325090651$0',pad,'adc_measurement_adv$1325090651$0$pad'),
signal('adc_measurement_adv$1424598793$0',gch,'adc_measurement_adv$1424598793$0$gch'),
signal('adc_measurement_adv$1424598797$0',gch,'adc_measurement_adv$1424598797$0$gch'),
signal('adc_measurement_adv$1424598801$0',gch,'adc_measurement_adv$1424598801$0$gch'),
signal('adc_measurement_adv$1212889704$0',gch,'adc_measurement_adv$1212889704$0$gch'),
signal('adc_measurement_adv$1212889708$0',gch,'adc_measurement_adv$1212889708$0$gch'),
signal('adc_measurement_adv$1424598793$0',select,'adc_measurement_adv$1424598793$0$select'),
signal('adc_measurement_adv$1424598797$0',select,'adc_measurement_adv$1424598797$0$select'),
signal('adc_measurement_adv$1424598801$0',select,'adc_measurement_adv$1424598801$0$select'),
signal('adc_measurement_adv$1212889704$0',select,'adc_measurement_adv$1212889704$0$select'),
signal('adc_measurement_adv$1212889708$0',select,'adc_measurement_adv$1212889708$0$select'),
signal('adc_measurement_adv$1424598793$0',iclass_sel,'adc_measurement_adv$1424598793$0$iclass_sel'),
signal('adc_measurement_adv$1424598797$0',iclass_sel,'adc_measurement_adv$1424598797$0$iclass_sel'),
signal('adc_measurement_adv$1424598801$0',iclass_sel,'adc_measurement_adv$1424598801$0$iclass_sel'),
signal('adc_measurement_adv$1212889704$0',iclass_sel,'adc_measurement_adv$1212889704$0$iclass_sel'),
signal('adc_measurement_adv$1212889708$0',iclass_sel,'adc_measurement_adv$1212889708$0$iclass_sel'),
signal('adc_measurement_adv$0461604565$0',res_sel,'adc_measurement_adv$0461604565$0$res_sel'),
signal('adc_measurement_adv$0461604564$0',res_sel,'adc_measurement_adv$0461604564$0$res_sel'),
signal('adc_measurement_adv$0461604563$0',res_sel,'adc_measurement_adv$0461604563$0$res_sel'),
signal('adc_measurement_adv$0461604562$0',res_sel,'adc_measurement_adv$0461604562$0$res_sel'),
signal('adc_measurement_adv$0461604561$0',res_sel,'adc_measurement_adv$0461604561$0$res_sel'),
signal('adc_measurement_adv$1424598793$0',res_sel,'adc_measurement_adv$1424598793$0$res_sel'),
signal('adc_measurement_adv$1424598797$0',res_sel,'adc_measurement_adv$1424598797$0$res_sel'),
signal('adc_measurement_adv$1424598801$0',res_sel,'adc_measurement_adv$1424598801$0$res_sel'),
signal('adc_measurement_adv$1212889704$0',res_sel,'adc_measurement_adv$1212889704$0$res_sel'),
signal('adc_measurement_adv$1212889708$0',res_sel,'adc_measurement_adv$1212889708$0$res_sel'),
signal('adc_measurement_adv$0461604565$0',rev,'adc_measurement_adv$0461604565$0$rev'),
signal('adc_measurement_adv$0461604564$0',rev,'adc_measurement_adv$0461604564$0$rev'),
signal('adc_measurement_adv$0461604563$0',rev,'adc_measurement_adv$0461604563$0$rev'),
signal('adc_measurement_adv$0461604562$0',rev,'adc_measurement_adv$0461604562$0$rev'),
signal('adc_measurement_adv$0461604561$0',rev,'adc_measurement_adv$0461604561$0$rev'),
signal('adc_measurement_adv$1424598793$0',cev,'adc_measurement_adv$1424598793$0$cev'),
signal('adc_measurement_adv$1424598797$0',cev,'adc_measurement_adv$1424598797$0$cev'),
signal('adc_measurement_adv$1424598801$0',cev,'adc_measurement_adv$1424598801$0$cev'),
signal('adc_measurement_adv$1212889704$0',cev,'adc_measurement_adv$1212889704$0$cev'),
signal('adc_measurement_adv$1212889708$0',cev,'adc_measurement_adv$1212889708$0$cev'),
signal('adc_measurement_adv$1593214437$1',signal_in,'adc_measurement_adv$1593214437$1$signal_in'),
signal('adc_measurement_adv$1492773006$1',ch_class_sel,'adc_measurement_adv$1492773006$1$ch_class_sel'),
signal('adc_measurement_adv$1492773006$1',scan_class_sel,'adc_measurement_adv$1492773006$1$scan_class_sel'),
signal('adc_measurement_adv$1784612637$1',class_sel,'adc_measurement_adv$1784612637$1$class_sel'),
signal('adc_measurement_adv$1784612637$1',select,'adc_measurement_adv$1784612637$1$select'),
signal('adc_measurement_adv$1784612637$1',req,'adc_measurement_adv$1784612637$1$req'),
signal('adc_measurement_adv$1784612637$1',global_signal,'adc_measurement_adv$1784612637$1$global_signal'),
signal('adc_measurement_adv$1784612637$1',greqtr1sel,'adc_measurement_adv$1784612637$1$greqtr1sel'),
signal('adc_measurement_adv$1784612637$1',greqgt1sel,'adc_measurement_adv$1784612637$1$greqgt1sel'),
signal('adc_measurement_adv$1784612637$1',sev,'adc_measurement_adv$1784612637$1$sev'),
signal('adc_measurement_adv$2093177385$1',pin,'adc_measurement_adv$2093177385$1$pin'),
signal('adc_measurement_adv$2093177389$1',pin,'adc_measurement_adv$2093177389$1$pin'),
signal('adc_measurement_adv$2093177393$1',pin,'adc_measurement_adv$2093177393$1$pin'),
signal('adc_measurement_adv$463989576$1',pin,'adc_measurement_adv$463989576$1$pin'),
signal('adc_measurement_adv$463989580$1',pin,'adc_measurement_adv$463989580$1$pin'),
signal('adc_measurement_adv$463989581$1',pin,'adc_measurement_adv$463989581$1$pin'),
signal('adc_measurement_adv$463989582$1',pin,'adc_measurement_adv$463989582$1$pin'),
signal('adc_measurement_adv$463989583$1',pin,'adc_measurement_adv$463989583$1$pin'),
signal('adc_measurement_adv$2120704537$1',pad,'adc_measurement_adv$2120704537$1$pad'),
signal('adc_measurement_adv$2120704541$1',pad,'adc_measurement_adv$2120704541$1$pad'),
signal('adc_measurement_adv$2120704545$1',pad,'adc_measurement_adv$2120704545$1$pad'),
signal('adc_measurement_adv$1317331288$1',pad,'adc_measurement_adv$1317331288$1$pad'),
signal('adc_measurement_adv$1317331292$1',pad,'adc_measurement_adv$1317331292$1$pad'),
signal('adc_measurement_adv$1317331293$1',pad,'adc_measurement_adv$1317331293$1$pad'),
signal('adc_measurement_adv$1317331294$1',pad,'adc_measurement_adv$1317331294$1$pad'),
signal('adc_measurement_adv$1317331295$1',pad,'adc_measurement_adv$1317331295$1$pad'),
signal('adc_measurement_adv$0276141686$1',gch,'adc_measurement_adv$0276141686$1$gch'),
signal('adc_measurement_adv$0276141682$1',gch,'adc_measurement_adv$0276141682$1$gch'),
signal('adc_measurement_adv$0276141678$1',gch,'adc_measurement_adv$0276141678$1$gch'),
signal('adc_measurement_adv$29542407$1',gch,'adc_measurement_adv$29542407$1$gch'),
signal('adc_measurement_adv$29542411$1',gch,'adc_measurement_adv$29542411$1$gch'),
signal('adc_measurement_adv$29542412$1',gch,'adc_measurement_adv$29542412$1$gch'),
signal('adc_measurement_adv$29542413$1',gch,'adc_measurement_adv$29542413$1$gch'),
signal('adc_measurement_adv$29542414$1',gch,'adc_measurement_adv$29542414$1$gch'),
signal('adc_measurement_adv$0276141686$1',select,'adc_measurement_adv$0276141686$1$select'),
signal('adc_measurement_adv$0276141682$1',select,'adc_measurement_adv$0276141682$1$select'),
signal('adc_measurement_adv$0276141678$1',select,'adc_measurement_adv$0276141678$1$select'),
signal('adc_measurement_adv$29542407$1',select,'adc_measurement_adv$29542407$1$select'),
signal('adc_measurement_adv$29542411$1',select,'adc_measurement_adv$29542411$1$select'),
signal('adc_measurement_adv$29542412$1',select,'adc_measurement_adv$29542412$1$select'),
signal('adc_measurement_adv$29542413$1',select,'adc_measurement_adv$29542413$1$select'),
signal('adc_measurement_adv$29542414$1',select,'adc_measurement_adv$29542414$1$select'),
signal('adc_measurement_adv$0276141686$1',iclass_sel,'adc_measurement_adv$0276141686$1$iclass_sel'),
signal('adc_measurement_adv$0276141682$1',iclass_sel,'adc_measurement_adv$0276141682$1$iclass_sel'),
signal('adc_measurement_adv$0276141678$1',iclass_sel,'adc_measurement_adv$0276141678$1$iclass_sel'),
signal('adc_measurement_adv$29542407$1',iclass_sel,'adc_measurement_adv$29542407$1$iclass_sel'),
signal('adc_measurement_adv$29542411$1',iclass_sel,'adc_measurement_adv$29542411$1$iclass_sel'),
signal('adc_measurement_adv$29542412$1',iclass_sel,'adc_measurement_adv$29542412$1$iclass_sel'),
signal('adc_measurement_adv$29542413$1',iclass_sel,'adc_measurement_adv$29542413$1$iclass_sel'),
signal('adc_measurement_adv$29542414$1',iclass_sel,'adc_measurement_adv$29542414$1$iclass_sel'),
signal('adc_measurement_adv$1509334892$1',res_sel,'adc_measurement_adv$1509334892$1$res_sel'),
signal('adc_measurement_adv$1509334893$1',res_sel,'adc_measurement_adv$1509334893$1$res_sel'),
signal('adc_measurement_adv$1509334894$1',res_sel,'adc_measurement_adv$1509334894$1$res_sel'),
signal('adc_measurement_adv$1509334895$1',res_sel,'adc_measurement_adv$1509334895$1$res_sel'),
signal('adc_measurement_adv$1509334896$1',res_sel,'adc_measurement_adv$1509334896$1$res_sel'),
signal('adc_measurement_adv$1509334897$1',res_sel,'adc_measurement_adv$1509334897$1$res_sel'),
signal('adc_measurement_adv$1509334898$1',res_sel,'adc_measurement_adv$1509334898$1$res_sel'),
signal('adc_measurement_adv$1509334899$1',res_sel,'adc_measurement_adv$1509334899$1$res_sel'),
signal('adc_measurement_adv$0276141686$1',res_sel,'adc_measurement_adv$0276141686$1$res_sel'),
signal('adc_measurement_adv$0276141682$1',res_sel,'adc_measurement_adv$0276141682$1$res_sel'),
signal('adc_measurement_adv$0276141678$1',res_sel,'adc_measurement_adv$0276141678$1$res_sel'),
signal('adc_measurement_adv$29542407$1',res_sel,'adc_measurement_adv$29542407$1$res_sel'),
signal('adc_measurement_adv$29542411$1',res_sel,'adc_measurement_adv$29542411$1$res_sel'),
signal('adc_measurement_adv$29542412$1',res_sel,'adc_measurement_adv$29542412$1$res_sel'),
signal('adc_measurement_adv$29542413$1',res_sel,'adc_measurement_adv$29542413$1$res_sel'),
signal('adc_measurement_adv$29542414$1',res_sel,'adc_measurement_adv$29542414$1$res_sel'),
signal('adc_measurement_adv$1509334892$1',rev,'adc_measurement_adv$1509334892$1$rev'),
signal('adc_measurement_adv$1509334893$1',rev,'adc_measurement_adv$1509334893$1$rev'),
signal('adc_measurement_adv$1509334894$1',rev,'adc_measurement_adv$1509334894$1$rev'),
signal('adc_measurement_adv$1509334895$1',rev,'adc_measurement_adv$1509334895$1$rev'),
signal('adc_measurement_adv$1509334896$1',rev,'adc_measurement_adv$1509334896$1$rev'),
signal('adc_measurement_adv$1509334897$1',rev,'adc_measurement_adv$1509334897$1$rev'),
signal('adc_measurement_adv$1509334898$1',rev,'adc_measurement_adv$1509334898$1$rev'),
signal('adc_measurement_adv$1509334899$1',rev,'adc_measurement_adv$1509334899$1$rev'),
signal('adc_measurement_adv$0276141686$1',cev,'adc_measurement_adv$0276141686$1$cev'),
signal('adc_measurement_adv$0276141682$1',cev,'adc_measurement_adv$0276141682$1$cev'),
signal('adc_measurement_adv$0276141678$1',cev,'adc_measurement_adv$0276141678$1$cev'),
signal('adc_measurement_adv$29542407$1',cev,'adc_measurement_adv$29542407$1$cev'),
signal('adc_measurement_adv$29542411$1',cev,'adc_measurement_adv$29542411$1$cev'),
signal('adc_measurement_adv$29542412$1',cev,'adc_measurement_adv$29542412$1$cev'),
signal('adc_measurement_adv$29542413$1',cev,'adc_measurement_adv$29542413$1$cev'),
signal('adc_measurement_adv$29542414$1',cev,'adc_measurement_adv$29542414$1$cev'),
signal('global_ccu4$01748821625$1',global_signal,'global_ccu4$01748821625$1$global_signal'),
signal('global_ccu4$01748821625$1',clk,'global_ccu4$01748821625$1$clk'),
signal('global_ccu4$01610987653$1',gsc_enable,'global_ccu4$01610987653$1$gsc_enable'),
signal('timer$844337652$0',pmus_omds,'timer$844337652$0$pmus_omds'),
signal('timer$844337652$0',global_signal,'timer$844337652$0$global_signal'),
signal('interrupt$01436523993$0',signal_in,'interrupt$01436523993$0$signal_in'),
signal('timer$333803475$1',pmus_omds,'timer$333803475$1$pmus_omds'),
signal('timer$333803475$1',global_signal,'timer$333803475$1$global_signal'),
signal('interrupt$01947058170$1',signal_in,'interrupt$01947058170$1$signal_in'),
signal('pwm_ccu4$0938483995$2',global_signal,'pwm_ccu4$0938483995$2$global_signal'),
signal('pwm_ccu4$0938483995$2',pmus_omds,'pwm_ccu4$0938483995$2$pmus_omds'),
signal('pwm_ccu4$0938483995$2',st,'pwm_ccu4$0938483995$2$st'),
signal('pwm_ccu4$0938483995$2',out,'pwm_ccu4$0938483995$2$out'),
signal('pwm_ccu4$0938483995$2',gp0_unsync,'pwm_ccu4$0938483995$2$gp0_unsync'),
signal('pwm_ccu4$0938483995$2',gp1_unsync,'pwm_ccu4$0938483995$2$gp1_unsync'),
signal('pwm_ccu4$0938483995$2',gp2_unsync,'pwm_ccu4$0938483995$2$gp2_unsync'),
signal('pwm_ccu4$0938483995$2',gp0,'pwm_ccu4$0938483995$2$gp0'),
signal('pwm_ccu4$0938483995$2',gp1,'pwm_ccu4$0938483995$2$gp1'),
signal('pwm_ccu4$0938483995$2',gp2,'pwm_ccu4$0938483995$2$gp2'),
signal('pwm_ccu4$0938483995$2',ps,'pwm_ccu4$0938483995$2$ps'),
signal('pwm_ccu4$0938483995$2',mci,'pwm_ccu4$0938483995$2$mci'),
signal('pwm_ccu4$0938483995$2',mcss,'pwm_ccu4$0938483995$2$mcss'),
signal('digital_io$1380229345$3',swreg_out,'digital_io$1380229345$3$swreg_out'),
signal('digital_io$1380229345$3',pad,'digital_io$1380229345$3$pad'),
signal('digital_io$01782401109$3',pin,'digital_io$01782401109$3$pin'),
signal('uart$02118624699$0',dx0ins,'uart$02118624699$0$dx0ins'),
signal('uart$02118624699$0',dx3ins,'uart$02118624699$0$dx3ins'),
signal('uart$02118624699$0',dout0,'uart$02118624699$0$dout0'),
signal('uart$01053640812$0',pad,'uart$01053640812$0$pad'),
signal('uart$01053640750$0',pad,'uart$01053640750$0$pad'),
signal('uart$02118624699$0',protocol_specific_int,'uart$02118624699$0$protocol_specific_int'),
signal('uart$02118624699$0',standard_transmit_buffer_int,'uart$02118624699$0$standard_transmit_buffer_int'),
signal('uart$02118624699$0',standard_receive_buffer_int,'uart$02118624699$0$standard_receive_buffer_int'),
signal('uart$02118624699$0',alternate_receive_buffer_int,'uart$02118624699$0$alternate_receive_buffer_int'),
signal('uart$01148723541$0',signal_in,'uart$01148723541$0$signal_in'),
signal('uart$01148723603$0',signal_in,'uart$01148723603$0$signal_in'),
signal('uart$0164365666$0',pin,'uart$0164365666$0$pin'),
signal('uart$0164365604$0',pin,'uart$0164365604$0$pin'),
signal('digital_io$869695168$4',swreg_out,'digital_io$869695168$4$swreg_out'),
signal('digital_io$869695168$4',pad,'digital_io$869695168$4$pad'),
signal('digital_io$474509898$4',pin,'digital_io$474509898$4$pin'),
signal('digital_io$359160991$5',pad,'digital_io$359160991$5$pad'),
signal('digital_io$01563546391$5',pin,'digital_io$01563546391$5$pin'),
signal('i2c_master$0125934497$0',pad,'i2c_master$0125934497$0$pad'),
signal('i2c_master$0125934517$0',pad,'i2c_master$0125934517$0$pad'),
signal('i2c_master$0517290200$0',dout0,'i2c_master$0517290200$0$dout0'),
signal('i2c_master$0517290200$0',dx0ins,'i2c_master$0517290200$0$dx0ins'),
signal('i2c_master$0517290200$0',dx1ins,'i2c_master$0517290200$0$dx1ins'),
signal('i2c_master$0517290200$0',sclkout,'i2c_master$0517290200$0$sclkout'),
signal('i2c_master$0517290200$0',standard_transmit_buffer_int,'i2c_master$0517290200$0$standard_transmit_buffer_int'),
signal('i2c_master$0517290200$0',standard_receive_buffer_int,'i2c_master$0517290200$0$standard_receive_buffer_int'),
signal('i2c_master$0517290200$0',alternate_receive_buffer_int,'i2c_master$0517290200$0$alternate_receive_buffer_int'),
signal('i2c_master$0517290200$0',protocol_specific_int,'i2c_master$0517290200$0$protocol_specific_int'),
signal('i2c_master$01076929067$0',pin,'i2c_master$01076929067$0$pin'),
signal('i2c_master$01076929087$0',pin,'i2c_master$01076929087$0$pin'),
connected('digital_io$36800462$0$pin','digital_io$01383135420$0$pad',1),
connected('digital_io$01383135420$0$pad','digital_io$36800462$0$pin',1),
connected('digital_io$02001255827$1$pin','digital_io$01893669597$1$pad',1),
connected('digital_io$01893669597$1$pad','digital_io$02001255827$1$pin',1),
connected('clock_xmc4$01551391625$0$fccu','global_ccu4$01760137752$0$clk',1),
connected('global_ccu4$01760137752$0$global_signal','pwm_ccu4$01157338713$0$global_signal',1),
connected('global_ccu4$89752826$0$gsc_enable','pwm_ccu4$01157338713$0$gp0_unsync',1),
connected('pwm_ccu4$1717475678$0$pin','pwm_ccu4$02000024300$0$pad',1),
connected('pwm_ccu4$01157338713$0$out','pwm_ccu4$02000024300$0$pad',1),
connected('pwm_ccu4$02000024300$0$pad','pwm_ccu4$1717475678$0$pin',1),
connected('global_ccu4$01760137752$0$global_signal','pwm_ccu4$1099572294$1$global_signal',1),
connected('global_ccu4$89752826$0$gsc_enable','pwm_ccu4$1099572294$1$gp0_unsync',1),
connected('pwm_ccu4$1728791805$1$pin','pwm_ccu4$02067031053$1$pad',1),
connected('pwm_ccu4$1099572294$1$out','pwm_ccu4$02067031053$1$pad',1),
connected('pwm_ccu4$02067031053$1$pad','pwm_ccu4$1728791805$1$pin',1),
connected('clock_xmc4$01551391625$0$fccu','global_ccu8$1465655520$0$clk',1),
connected('global_ccu8$1465655520$0$global_signal','pwm_ccu8$01113979708$0$global_signal',1),
connected('global_ccu8$1118816002$0$gsc_enable','pwm_ccu8$01113979708$0$gp0_unsync',1),
connected('pwm_ccu8$0324723339$0$pin','pwm_ccu8$1522031039$0$pad',1),
connected('pwm_ccu8$01113979708$0$out2','pwm_ccu8$1522031039$0$pad',1),
connected('pwm_ccu8$1522031039$0$pad','pwm_ccu8$0324723339$0$pin',1),
connected('global_ccu8$1465655520$0$global_signal','pwm_ccu8$1142931299$1$global_signal',1),
connected('global_ccu8$1118816002$0$gsc_enable','pwm_ccu8$1142931299$1$gp0_unsync',1),
connected('pwm_ccu8$636890678$1$pin','pwm_ccu8$1733381952$1$pad',1),
connected('pwm_ccu8$1142931299$1$out2','pwm_ccu8$1733381952$1$pad',1),
connected('pwm_ccu8$1733381952$1$pad','pwm_ccu8$636890678$1$pin',1),
connected('global_ccu8$1465655520$0$global_signal','pwm_ccu8$0895124990$2$global_signal',1),
connected('global_ccu8$1118816002$0$gsc_enable','pwm_ccu8$0895124990$2$gp0_unsync',1),
connected('pwm_ccu8$1598504696$2$pin','pwm_ccu8$1944732866$2$pad',1),
connected('pwm_ccu8$0895124990$2$out3','pwm_ccu8$1944732866$2$pad',1),
connected('pwm_ccu8$1944732866$2$pad','pwm_ccu8$1598504696$2$pin',1),
connected('global_ccu8$1465655520$0$global_signal','pwm_ccu8$1361786017$3$global_signal',1),
connected('global_ccu8$1118816002$0$gsc_enable','pwm_ccu8$1361786017$3$gp0_unsync',1),
connected('pwm_ccu8$01763477736$3$pin','pwm_ccu8$2127454626$3$pad',1),
connected('pwm_ccu8$1361786017$3$out1','pwm_ccu8$2127454626$3$pad',1),
connected('pwm_ccu8$2127454626$3$pad','pwm_ccu8$01763477736$3$pin',1),
connected('adc_measurement_adv$1424598793$0$res_sel','adc_measurement_adv$0461604565$0$res_sel',1),
connected('adc_measurement_adv$1212889704$0$res_sel','adc_measurement_adv$0461604562$0$res_sel',1),
connected('adc_measurement_adv$1212889708$0$res_sel','adc_measurement_adv$0461604561$0$res_sel',1),
connected('adc_measurement_adv$1424598797$0$res_sel','adc_measurement_adv$0461604564$0$res_sel',1),
connected('adc_measurement_adv$1424598801$0$res_sel','adc_measurement_adv$0461604563$0$res_sel',1),
connected('adc_measurement_adv$1151123514$0$pad','adc_measurement_adv$1424598793$0$gch',1),
connected('adc_measurement_adv$1151123514$0$pad','adc_measurement_adv$01177095990$0$pin',1),
connected('adc_measurement_adv$1325090647$0$pad','adc_measurement_adv$1212889704$0$gch',1),
connected('adc_measurement_adv$1325090647$0$pad','adc_measurement_adv$02130237241$0$pin',1),
connected('adc_measurement_adv$1325090651$0$pad','adc_measurement_adv$1212889708$0$gch',1),
connected('adc_measurement_adv$1325090651$0$pad','adc_measurement_adv$02130237237$0$pin',1),
connected('adc_measurement_adv$1151123518$0$pad','adc_measurement_adv$1424598797$0$gch',1),
connected('adc_measurement_adv$1151123518$0$pad','adc_measurement_adv$01177095986$0$pin',1),
connected('adc_measurement_adv$1151123522$0$pad','adc_measurement_adv$1424598801$0$gch',1),
connected('adc_measurement_adv$1151123522$0$pad','adc_measurement_adv$01177095982$0$pin',1),
connected('adc_measurement_adv$01177095990$0$pin','adc_measurement_adv$1151123514$0$pad',1),
connected('adc_measurement_adv$02130237241$0$pin','adc_measurement_adv$1325090647$0$pad',1),
connected('adc_measurement_adv$02130237237$0$pin','adc_measurement_adv$1325090651$0$pad',1),
connected('adc_measurement_adv$01177095986$0$pin','adc_measurement_adv$1151123518$0$pad',1),
connected('adc_measurement_adv$01177095982$0$pin','adc_measurement_adv$1151123522$0$pad',1),
connected('adc_measurement_adv$248008525$0$ch_class_sel','adc_measurement_adv$1424598793$0$iclass_sel',1),
connected('adc_measurement_adv$248008525$0$ch_class_sel','adc_measurement_adv$1424598797$0$iclass_sel',1),
connected('adc_measurement_adv$248008525$0$ch_class_sel','adc_measurement_adv$1424598801$0$iclass_sel',1),
connected('adc_measurement_adv$248008525$0$ch_class_sel','adc_measurement_adv$1212889704$0$iclass_sel',1),
connected('adc_measurement_adv$248008525$0$ch_class_sel','adc_measurement_adv$1212889708$0$iclass_sel',1),
connected('adc_measurement_adv$431302940$0$class_sel','adc_measurement_adv$248008525$0$scan_class_sel',1),
connected('adc_measurement_adv$431302940$0$sev','adc_measurement_adv$348449956$0$signal_in',1),
connected('global_adc$1790945385$0$global_signal','adc_measurement_adv$431302940$0$global_signal',1),
connected('adc_measurement_adv$0276141686$1$res_sel','adc_measurement_adv$1509334892$1$res_sel',1),
connected('adc_measurement_adv$29542407$1$res_sel','adc_measurement_adv$1509334895$1$res_sel',1),
connected('adc_measurement_adv$29542411$1$res_sel','adc_measurement_adv$1509334896$1$res_sel',1),
connected('adc_measurement_adv$29542412$1$res_sel','adc_measurement_adv$1509334897$1$res_sel',1),
connected('adc_measurement_adv$29542413$1$res_sel','adc_measurement_adv$1509334898$1$res_sel',1),
connected('adc_measurement_adv$29542414$1$res_sel','adc_measurement_adv$1509334899$1$res_sel',1),
connected('adc_measurement_adv$0276141682$1$res_sel','adc_measurement_adv$1509334893$1$res_sel',1),
connected('adc_measurement_adv$0276141678$1$res_sel','adc_measurement_adv$1509334894$1$res_sel',1),
connected('adc_measurement_adv$2120704537$1$pad','adc_measurement_adv$0276141686$1$gch',1),
connected('adc_measurement_adv$2120704537$1$pad','adc_measurement_adv$2093177385$1$pin',1),
connected('adc_measurement_adv$1317331288$1$pad','adc_measurement_adv$29542407$1$gch',1),
connected('adc_measurement_adv$1317331288$1$pad','adc_measurement_adv$463989576$1$pin',1),
connected('adc_measurement_adv$1317331292$1$pad','adc_measurement_adv$29542411$1$gch',1),
connected('adc_measurement_adv$1317331292$1$pad','adc_measurement_adv$463989580$1$pin',1),
connected('adc_measurement_adv$1317331293$1$pad','adc_measurement_adv$29542412$1$gch',1),
connected('adc_measurement_adv$1317331293$1$pad','adc_measurement_adv$463989581$1$pin',1),
connected('adc_measurement_adv$1317331294$1$pad','adc_measurement_adv$29542413$1$gch',1),
connected('adc_measurement_adv$1317331294$1$pad','adc_measurement_adv$463989582$1$pin',1),
connected('adc_measurement_adv$1317331295$1$pad','adc_measurement_adv$29542414$1$gch',1),
connected('adc_measurement_adv$1317331295$1$pad','adc_measurement_adv$463989583$1$pin',1),
connected('adc_measurement_adv$2120704541$1$pad','adc_measurement_adv$0276141682$1$gch',1),
connected('adc_measurement_adv$2120704541$1$pad','adc_measurement_adv$2093177389$1$pin',1),
connected('adc_measurement_adv$2120704545$1$pad','adc_measurement_adv$0276141678$1$gch',1),
connected('adc_measurement_adv$2120704545$1$pad','adc_measurement_adv$2093177393$1$pin',1),
connected('adc_measurement_adv$2093177385$1$pin','adc_measurement_adv$2120704537$1$pad',1),
connected('adc_measurement_adv$463989576$1$pin','adc_measurement_adv$1317331288$1$pad',1),
connected('adc_measurement_adv$463989580$1$pin','adc_measurement_adv$1317331292$1$pad',1),
connected('adc_measurement_adv$463989581$1$pin','adc_measurement_adv$1317331293$1$pad',1),
connected('adc_measurement_adv$463989582$1$pin','adc_measurement_adv$1317331294$1$pad',1),
connected('adc_measurement_adv$463989583$1$pin','adc_measurement_adv$1317331295$1$pad',1),
connected('adc_measurement_adv$2093177389$1$pin','adc_measurement_adv$2120704541$1$pad',1),
connected('adc_measurement_adv$2093177393$1$pin','adc_measurement_adv$2120704545$1$pad',1),
connected('adc_measurement_adv$1492773006$1$ch_class_sel','adc_measurement_adv$0276141686$1$iclass_sel',1),
connected('adc_measurement_adv$1492773006$1$ch_class_sel','adc_measurement_adv$0276141682$1$iclass_sel',1),
connected('adc_measurement_adv$1492773006$1$ch_class_sel','adc_measurement_adv$0276141678$1$iclass_sel',1),
connected('adc_measurement_adv$1492773006$1$ch_class_sel','adc_measurement_adv$29542407$1$iclass_sel',1),
connected('adc_measurement_adv$1492773006$1$ch_class_sel','adc_measurement_adv$29542411$1$iclass_sel',1),
connected('adc_measurement_adv$1492773006$1$ch_class_sel','adc_measurement_adv$29542412$1$iclass_sel',1),
connected('adc_measurement_adv$1492773006$1$ch_class_sel','adc_measurement_adv$29542413$1$iclass_sel',1),
connected('adc_measurement_adv$1492773006$1$ch_class_sel','adc_measurement_adv$29542414$1$iclass_sel',1),
connected('adc_measurement_adv$1784612637$1$class_sel','adc_measurement_adv$1492773006$1$scan_class_sel',1),
connected('adc_measurement_adv$1784612637$1$sev','adc_measurement_adv$1593214437$1$signal_in',1),
connected('global_adc$1790945385$0$global_signal','adc_measurement_adv$1784612637$1$global_signal',1),
connected('clock_xmc4$01551391625$0$fccu','global_ccu4$01748821625$1$clk',1),
connected('timer$844337652$0$pmus_omds','interrupt$01436523993$0$signal_in',1),
connected('global_ccu4$01748821625$1$global_signal','timer$844337652$0$global_signal',1),
connected('timer$333803475$1$pmus_omds','interrupt$01947058170$1$signal_in',1),
connected('global_ccu4$01748821625$1$global_signal','timer$333803475$1$global_signal',1),
connected('global_ccu4$01760137752$0$global_signal','pwm_ccu4$0938483995$2$global_signal',1),
connected('global_ccu4$89752826$0$gsc_enable','pwm_ccu4$0938483995$2$gp0_unsync',1),
connected('pwm_ccu4$0938483995$2$pmus_omds','adc_measurement_adv$431302940$0$greqtr1sel',1),
connected('pwm_ccu4$0938483995$2$pmus_omds','adc_measurement_adv$1784612637$1$greqtr1sel',1),
connected('digital_io$01782401109$3$pin','digital_io$1380229345$3$pad',1),
connected('digital_io$1380229345$3$pad','digital_io$01782401109$3$pin',1),
connected('uart$0164365666$0$pin','uart$01053640812$0$pad',1),
connected('uart$0164365604$0$pin','uart$01053640750$0$pad',1),
connected('uart$02118624699$0$dout0','uart$01053640750$0$pad',1),
connected('uart$02118624699$0$alternate_receive_buffer_int','uart$01148723603$0$signal_in',1),
connected('uart$02118624699$0$standard_receive_buffer_int','uart$01148723603$0$signal_in',1),
connected('uart$02118624699$0$standard_transmit_buffer_int','uart$01148723541$0$signal_in',1),
connected('uart$01053640812$0$pad','uart$0164365666$0$pin',1),
connected('uart$01053640812$0$pad','uart$02118624699$0$dx0ins',1),
connected('uart$01053640750$0$pad','uart$0164365604$0$pin',1),
connected('digital_io$474509898$4$pin','digital_io$869695168$4$pad',1),
connected('digital_io$869695168$4$pad','digital_io$474509898$4$pin',1),
connected('digital_io$01563546391$5$pin','digital_io$359160991$5$pad',1),
connected('digital_io$359160991$5$pad','digital_io$01563546391$5$pin',1),
connected('i2c_master$01076929087$0$pin','i2c_master$0125934517$0$pad',1),
connected('i2c_master$01076929067$0$pin','i2c_master$0125934497$0$pad',1),
connected('i2c_master$0517290200$0$sclkout','i2c_master$0125934517$0$pad',1),
connected('i2c_master$0517290200$0$dout0','i2c_master$0125934497$0$pad',1),
connected('i2c_master$0125934517$0$pad','i2c_master$01076929087$0$pin',1),
connected('i2c_master$0125934517$0$pad','i2c_master$0517290200$0$dx1ins',1),
connected('i2c_master$0125934497$0$pad','i2c_master$01076929067$0$pin',1),
connected('i2c_master$0125934497$0$pad','i2c_master$0517290200$0$dx0ins',1),
uri_element_range(ADC_MEASUREMENT_ADV0sv33,[result, result_adv, result_filter]),
uri_element_range(ADC_MEASUREMENT_ADV1sv39,[result, result_adv, result_filter]),
uri_element_range(ADC_MEASUREMENT_ADV0sv30,[result, result_adv, result_filter]),
uri_element_range(ADC_MEASUREMENT_ADV1sv42,[result, result_adv, result_filter]),
uri_element_range(ADC_MEASUREMENT_ADV0sv27,[result, result_adv, result_filter]),
uri_element_range(ADC_MEASUREMENT_ADV0sv24,[result, result_adv, result_filter]),
uri_element_range(DIGITAL_IO1sv0,[0, 1, 2, 3, 4, 5, 6, 7, 8, 9]),
register_value('digital_io$01893669597$1',iocr_oe,1),
rg_constraint_property_value('digital_io$01893669597$1', speed_class of rg_property, ['A1','A1+','A2']),
uri_element_range(ADC_MEASUREMENT_ADV0sv21,[result, result_adv, result_filter]),
uri_element_range(DIGITAL_IO5sv0,[0, 1, 2, 3, 4, 5, 6, 7, 8, 9, 14, 15]),
uri_element_range(DIGITAL_IO3sv0,[0, 1, 2, 3, 4, 5, 6, 7, 8, 9]),
register_value('digital_io$1380229345$3',iocr_oe,1),
rg_constraint_property_value('digital_io$1380229345$3', speed_class of rg_property, ['A1','A1+','A2']),
rg_constraint_property_value('i2c_master$0125934517$0', speed_class of rg_property, ['A1','A1+','A2']),
register_value('i2c_master$0517290200$0',tbctr_size,4),
register_value('i2c_master$0517290200$0',rbctr_size,4),
linear_constraint(ADC_MEASUREMENT_ADV0sv1,ADC_MEASUREMENT_ADV0sv0,0),
rg_constraint_property_value('i2c_master$0125934497$0', speed_class of rg_property, ['A1','A1+','A2']),
register_value('uart$02118624699$0',ccr_hpcen,0),
register_value('uart$02118624699$0',tbctr_size,4),
register_value('uart$02118624699$0',rbctr_size,4),
uri_element_range(ADC_MEASUREMENT_ADV1sv21,[result, result_adv, result_filter]),
uri_element_range(ADC_MEASUREMENT_ADV1sv24,[result, result_adv, result_filter]),
uri_element_range(ADC_MEASUREMENT_ADV1sv27,[result, result_adv, result_filter]),
uri_element_range(ADC_MEASUREMENT_ADV1sv30,[result, result_adv, result_filter]),
uri_element_range(ADC_MEASUREMENT_ADV1sv33,[result, result_adv, result_filter]),
uri_element_range(ADC_MEASUREMENT_ADV1sv36,[result, result_adv, result_filter]),
uri_element_range(DIGITAL_IO4sv0,[0, 1, 2, 3, 4, 5, 6, 7, 8, 9]),
register_value('digital_io$869695168$4',iocr_oe,1),
rg_constraint_property_value('digital_io$869695168$4', speed_class of rg_property, ['A1','A1+','A2']),
uri_element_range(DIGITAL_IO0sv0,[0, 1, 2, 3, 4, 5, 6, 7, 8, 9]),
register_value('digital_io$01383135420$0',iocr_oe,1),
rg_constraint_property_value('digital_io$01383135420$0', speed_class of rg_property, ['A1','A1+','A2']),
rg_constraint_property_value('pwm_ccu4$02000024300$0', speed_class of rg_property, ['A1','A1+','A2']),
rg_constraint_property_value('pwm_ccu4$02067031053$1', speed_class of rg_property, ['A1','A1+','A2'])
 ],Vars,Regs,Appslocalvars),15,writeln(timeout),all_solution, Timer, Due, Remainder).



Oct 12, 2024 5:10:48 PM java.util.logging.LogManager$RootLogger log
INFO: 
End of solver : getSolution() :  Difference in ms 1109


Oct 12, 2024 5:10:48 PM java.util.logging.LogManager$RootLogger log
INFO: [/devicepackage/0/27, /adc_measurement_adv$01177095982$0, /devicepackage/0/30, /adc_measurement_adv$01177095986$0, /devicepackage/0/31, /adc_measurement_adv$01177095990$0, /devicepackage/0/25, /adc_measurement_adv$02130237237$0, /devicepackage/0/26, /adc_measurement_adv$02130237241$0, /vadc/0/group/1/ch/2, /adc_measurement_adv$0276141678$1, /vadc/0/group/1/ch/1, /adc_measurement_adv$0276141682$1, /vadc/0/group/1/ch/0, /adc_measurement_adv$0276141686$1, /vadc/0/group/0/result/9, /adc_measurement_adv$0461604561$0, /vadc/0/group/0/result/8, /adc_measurement_adv$0461604562$0, /vadc/0/group/0/result/5, /adc_measurement_adv$0461604563$0, /vadc/0/group/0/result/4, /adc_measurement_adv$0461604564$0, /vadc/0/group/0/result_filter/15, /adc_measurement_adv$0461604565$0, /p/14/pad/0, /adc_measurement_adv$1151123514$0, /p/14/pad/1, /adc_measurement_adv$1151123518$0, /p/14/pad/4, /adc_measurement_adv$1151123522$0, /vadc/0/group/0/ch/5, /adc_measurement_adv$1212889704$0, /vadc/0/group/0/ch/6, /adc_measurement_adv$1212889708$0, /p/14/pad/3, /adc_measurement_adv$1317331288$1, /p/14/pad/12, /adc_measurement_adv$1317331292$1, /p/14/pad/13, /adc_measurement_adv$1317331293$1, /p/14/pad/14, /adc_measurement_adv$1317331294$1, /p/14/pad/15, /adc_measurement_adv$1317331295$1, /p/14/pad/5, /adc_measurement_adv$1325090647$0, /p/14/pad/6, /adc_measurement_adv$1325090651$0, /vadc/0/group/0/ch/1, /adc_measurement_adv$1424598793$0, /vadc/0/group/0/ch/0, /adc_measurement_adv$1424598797$0, /vadc/0/group/0/ch/4, /adc_measurement_adv$1424598801$0, /vadc/0/group/1/class/0, /adc_measurement_adv$1492773006$1, /vadc/0/group/1/result/13, /adc_measurement_adv$1509334892$1, /vadc/0/group/1/result/12, /adc_measurement_adv$1509334893$1, /vadc/0/group/1/result_filter/7, /adc_measurement_adv$1509334894$1, /vadc/0/group/1/result_adv/2, /adc_measurement_adv$1509334895$1, /vadc/0/group/1/result_adv/1, /adc_measurement_adv$1509334896$1, /vadc/0/group/1/result_adv/0, /adc_measurement_adv$1509334897$1, /vadc/0/group/1/result_filter/15, /adc_measurement_adv$1509334898$1, /vadc/0/group/1/result_adv/3, /adc_measurement_adv$1509334899$1, /cpu/0/nvic/interrupt/25, /adc_measurement_adv$1593214437$1, /vadc/0/group/1/scan, /adc_measurement_adv$1784612637$1, /devicepackage/0/37, /adc_measurement_adv$2093177385$1, /devicepackage/0/36, /adc_measurement_adv$2093177389$1, /devicepackage/0/29, /adc_measurement_adv$2093177393$1, /p/14/pad/8, /adc_measurement_adv$2120704537$1, /p/14/pad/9, /adc_measurement_adv$2120704541$1, /p/14/pad/2, /adc_measurement_adv$2120704545$1, /vadc/0/group/0/class/0, /adc_measurement_adv$248008525$0, /vadc/0/group/1/ch/3, /adc_measurement_adv$29542407$1, /vadc/0/group/1/ch/4, /adc_measurement_adv$29542411$1, /vadc/0/group/1/ch/5, /adc_measurement_adv$29542412$1, /vadc/0/group/1/ch/6, /adc_measurement_adv$29542413$1, /vadc/0/group/1/ch/7, /adc_measurement_adv$29542414$1, /cpu/0/nvic/interrupt/19, /adc_measurement_adv$348449956$0, /vadc/0/group/0/scan, /adc_measurement_adv$431302940$0, /devicepackage/0/28, /adc_measurement_adv$463989576$1, /devicepackage/0/23, /adc_measurement_adv$463989580$1, /devicepackage/0/22, /adc_measurement_adv$463989581$1, /devicepackage/0/21, /adc_measurement_adv$463989582$1, /devicepackage/0/20, /adc_measurement_adv$463989583$1, /scu/0/trap/0/ulpwdg, /clock_xmc4$01047137491$0, /scu/0/clkctrl/0/wdt, /clock_xmc4$01551372375$0, /scu/0/clkctrl/0/usb, /clock_xmc4$01551373850$0, /scu/0/clkctrl/0/sys, /clock_xmc4$01551375569$0, /scu/0/clkctrl/0/pll, /clock_xmc4$01551378862$0, /scu/0/clkctrl/0/sdmmc, /clock_xmc4$01551381723$0, /scu/0/clkctrl/0/cpu, /clock_xmc4$01551391222$0, /scu/0/clkctrl/0/ccu, /clock_xmc4$01551391625$0, /scu/0/trap/0/usbvcolock, /clock_xmc4$0261647995$0, /scu/0/pwrctrl/0/hibernate, /clock_xmc4$0778278092$0, /scu/0/trap/0/sysoscwd, /clock_xmc4$1091210735$0, /scu/0/rtcclksel, /clock_xmc4$1142722683$0, /scu/0/trap/0/sysvcolock, /clock_xmc4$1586947406$0, /scu/0/clkctrl/0/perbridge, /clock_xmc4$494804424$0, /debug_port/0/pad/0, /cpu_ctrl_xmc4$01540614004$0, /debug_port/0/pad/1, /cpu_ctrl_xmc4$01540614322$0, /cpu/0/exception/nmi, /cpu_ctrl_xmc4$01637679009$0, /cpu/0/exception/hardfault, /cpu_ctrl_xmc4$0571328980$0, /cpu/0/exception/busfault, /cpu_ctrl_xmc4$1763234541$0, /cpu/0/exception/memmanage, /cpu_ctrl_xmc4$1768468879$0, /cpu/0/exception/usagefault, /cpu_ctrl_xmc4$1814460844$0, /cpu/0/debug, /cpu_ctrl_xmc4$1964564605$0, /p/4/pad/1, /digital_io$01383135420$0, /devicepackage/0/2, /digital_io$01563546391$5, /devicepackage/0/55, /digital_io$01782401109$3, /p/1/pad/4, /digital_io$01893669597$1, /devicepackage/0/75, /digital_io$02001255827$1, /p/5/pad/7, /digital_io$1380229345$3, /p/0/pad/0, /digital_io$359160991$5, /devicepackage/0/84, /digital_io$36800462$0, /devicepackage/0/52, /digital_io$474509898$4, /p/2/pad/0, /digital_io$869695168$4, /vadc/0/global_limits, /global_adc$01890798523$0, /vadc/0/global, /global_adc$1790945385$0, /vadc/0/group/0/config, /global_adc$1796505175$0, /vadc/0/group/1/config, /global_adc$1796505176$0, /scu/0/gcu/ccu4_global_enable/0, /global_ccu4$01610987653$1, /ccu4/0/global, /global_ccu4$01748821625$1, /ccu4/1/global, /global_ccu4$01760137752$0, /scu/0/gcu/ccu4_global_enable/1, /global_ccu4$89752826$0, /scu/0/gcu/ccu8_global_enable/0, /global_ccu8$1118816002$0, /ccu8/0/global, /global_ccu8$1465655520$0, /devicepackage/0/74, /i2c_master$01076929067$0, /devicepackage/0/88, /i2c_master$01076929087$0, /p/1/pad/5, /i2c_master$0125934497$0, /p/0/pad/8, /i2c_master$0125934517$0, /usic/0/channel/0, /i2c_master$0517290200$0, /cpu/0/nvic/interrupt/45, /interrupt$01436523993$0, /cpu/0/nvic/interrupt/46, /interrupt$01947058170$1, /ccu4/1/cc4/2, /pwm_ccu4$01157338713$0, /p/2/pad/3, /pwm_ccu4$02000024300$0, /p/2/pad/2, /pwm_ccu4$02067031053$1, /ccu4/1/cc4/1, /pwm_ccu4$0938483995$2, /ccu4/1/cc4/3, /pwm_ccu4$1099572294$1, /devicepackage/0/49, /pwm_ccu4$1717475678$0, /devicepackage/0/50, /pwm_ccu4$1728791805$1, /ccu8/0/cc8/3, /pwm_ccu8$01113979708$0, /devicepackage/0/40, /pwm_ccu8$01763477736$3, /devicepackage/0/46, /pwm_ccu8$0324723339$0, /ccu8/0/cc8/0, /pwm_ccu8$0895124990$2, /ccu8/0/cc8/2, /pwm_ccu8$1142931299$1, /ccu8/0/cc8/1, /pwm_ccu8$1361786017$3, /p/2/pad/8, /pwm_ccu8$1522031039$0, /devicepackage/0/53, /pwm_ccu8$1598504696$2, /p/2/pad/9, /pwm_ccu8$1733381952$1, /p/2/pad/7, /pwm_ccu8$1944732866$2, /p/2/pad/15, /pwm_ccu8$2127454626$3, /devicepackage/0/45, /pwm_ccu8$636890678$1, /ccu4/0/cc4/0, /timer$333803475$1, /ccu4/0/cc4/1, /timer$844337652$0, /p/2/pad/14, /uart$01053640750$0, /p/0/pad/5, /uart$01053640812$0, /cpu/0/nvic/interrupt/91, /uart$01148723541$0, /cpu/0/nvic/interrupt/90, /uart$01148723603$0, /devicepackage/0/41, /uart$0164365604$0, /devicepackage/0/97, /uart$0164365666$0, /usic/1/channel/0, /uart$02118624699$0]


Oct 12, 2024 5:10:48 PM java.util.logging.LogManager$RootLogger log
INFO: [/hcu_port/0/pad/0/hdcr_hibioxsel_oe, /1, /hcu_port/0/pad/0/hdcr_hibioxsel_pcr, /0, /hcu_port/0/pad/1/hdcr_hibioxsel_oe, /0, /hcu_port/0/pad/1/hdcr_hibioxsel_pcr, /0, /p/5/pad/7/iocr_pcr, /0, /p/5/pad/7/iocr_oe, /1, /p/5/pad/7/hwsel_hw, /0, /p/5/pad/6/iocr_pcr, /0, /p/5/pad/6/iocr_oe, /0, /p/5/pad/6/hwsel_hw, /0, /p/5/pad/9/iocr_pcr, /0, /p/5/pad/9/iocr_oe, /0, /p/5/pad/9/hwsel_hw, /0, /p/5/pad/8/iocr_pcr, /0, /p/5/pad/8/iocr_oe, /0, /p/5/pad/8/hwsel_hw, /0, /p/5/pad/3/iocr_pcr, /0, /p/5/pad/3/iocr_oe, /0, /p/5/pad/3/hwsel_hw, /0, /p/5/pad/2/iocr_pcr, /0, /p/5/pad/2/iocr_oe, /0, /p/5/pad/2/hwsel_hw, /0, /p/5/pad/5/iocr_pcr, /0, /p/5/pad/5/iocr_oe, /0, /p/5/pad/5/hwsel_hw, /0, /p/5/pad/4/iocr_pcr, /0, /p/5/pad/4/iocr_oe, /0, /p/5/pad/4/hwsel_hw, /0, /p/5/pad/11/iocr_pcr, /0, /p/5/pad/11/iocr_oe, /0, /p/5/pad/11/hwsel_hw, /0, /p/5/pad/1/iocr_pcr, /0, /p/5/pad/1/iocr_oe, /0, /p/5/pad/1/hwsel_hw, /0, /p/5/pad/10/iocr_pcr, /0, /p/5/pad/10/iocr_oe, /0, /p/5/pad/10/hwsel_hw, /0, /p/5/pad/0/iocr_pcr, /0, /p/5/pad/0/iocr_oe, /0, /p/5/pad/0/hwsel_hw, /0, /p/15/pad/12/iocr_oe, /0, /p/15/pad/12/pdisc_pdis, /1, /p/15/pad/13/iocr_oe, /0, /p/15/pad/13/pdisc_pdis, /1, /p/15/pad/2/iocr_oe, /0, /p/15/pad/2/pdisc_pdis, /1, /p/15/pad/14/iocr_oe, /0, /p/15/pad/14/pdisc_pdis, /1, /p/15/pad/15/iocr_oe, /0, /p/15/pad/15/pdisc_pdis, /1, /p/15/pad/9/iocr_oe, /0, /p/15/pad/9/pdisc_pdis, /1, /p/15/pad/7/iocr_oe, /0, /p/15/pad/7/pdisc_pdis, /1, /p/15/pad/8/iocr_oe, /0, /p/15/pad/8/pdisc_pdis, /1, /p/15/pad/5/iocr_oe, /0, /p/15/pad/5/pdisc_pdis, /0, /p/15/pad/6/iocr_oe, /0, /p/15/pad/6/pdisc_pdis, /1, /p/15/pad/3/iocr_oe, /0, /p/15/pad/3/pdisc_pdis, /1, /p/15/pad/4/iocr_oe, /0, /p/15/pad/4/pdisc_pdis, /0, /eru/1/ers_etl/1/exisel_exsxb, /0, /eru/1/ers_etl/1/exicon_pe, /0, /eru/1/ers_etl/1/exicon_ocs, /0, /eru/1/ers_etl/1/exisel_exsxa, /0, /eru/1/ers_etl/0/exisel_exsxb, /0, /eru/1/ers_etl/0/exicon_pe, /0, /eru/1/ers_etl/0/exicon_ocs, /0, /eru/1/ers_etl/0/exisel_exsxa, /0, /eru/1/ogu/0/exocon_iss, /0, /eru/1/ogu/0/exocon_ipen1, /0, /eru/1/ogu/0/exocon_ipen2, /0, /eru/1/ogu/0/exocon_ipen0, /0, /eru/1/ogu/0/exocon_ipen3, /0, /eru/1/ogu/3/exocon_iss, /0, /eru/1/ogu/3/exocon_ipen1, /0, /eru/1/ogu/3/exocon_ipen2, /0, /eru/1/ogu/3/exocon_ipen0, /0, /eru/1/ogu/3/exocon_ipen3, /0, /eru/1/ogu/2/exocon_iss, /0, /eru/1/ogu/2/exocon_ipen1, /0, /eru/1/ogu/2/exocon_ipen2, /0, /eru/1/ogu/2/exocon_ipen0, /0, /eru/1/ogu/2/exocon_ipen3, /0, /eru/1/ogu/1/exocon_iss, /0, /eru/1/ogu/1/exocon_ipen1, /0, /eru/1/ogu/1/exocon_ipen2, /0, /eru/1/ogu/1/exocon_ipen0, /0, /eru/1/ogu/1/exocon_ipen3, /0, /eru/1/ers_etl/3/exisel_exsxb, /0, /eru/1/ers_etl/3/exicon_pe, /0, /eru/1/ers_etl/3/exicon_ocs, /0, /eru/1/ers_etl/3/exisel_exsxa, /0, /eru/1/ers_etl/2/exisel_exsxb, /0, /eru/1/ers_etl/2/exicon_pe, /0, /eru/1/ers_etl/2/exicon_ocs, /0, /eru/1/ers_etl/2/exisel_exsxa, /0, /dac/0/slice/1/cfg1_trigsel, /0, /dac/0/slice/0/cfg1_trigsel, /0, /eru/0/ers_etl/3/exisel_exsxb, /0, /eru/0/ers_etl/3/exicon_pe, /0, /eru/0/ers_etl/3/exicon_ocs, /0, /eru/0/ers_etl/3/exisel_exsxa, /0, /eru/0/ogu/3/exocon_iss, /0, /eru/0/ogu/3/exocon_ipen1, /0, /eru/0/ogu/3/exocon_ipen2, /0, /eru/0/ogu/3/exocon_ipen0, /0, /eru/0/ogu/3/exocon_ipen3, /0, /eru/0/ogu/2/exocon_iss, /0, /eru/0/ogu/2/exocon_ipen1, /0, /eru/0/ogu/2/exocon_ipen2, /0, /eru/0/ogu/2/exocon_ipen0, /0, /eru/0/ogu/2/exocon_ipen3, /0, /eru/0/ogu/0/exocon_iss, /0, /eru/0/ogu/0/exocon_ipen1, /0, /eru/0/ogu/0/exocon_ipen2, /0, /eru/0/ogu/0/exocon_ipen0, /0, /eru/0/ogu/0/exocon_ipen3, /0, /eru/0/ers_etl/0/exisel_exsxb, /0, /eru/0/ers_etl/0/exicon_pe, /0, /eru/0/ers_etl/0/exicon_ocs, /0, /eru/0/ers_etl/0/exisel_exsxa, /0, /eru/0/ogu/1/exocon_iss, /0, /eru/0/ogu/1/exocon_ipen1, /0, /eru/0/ogu/1/exocon_ipen2, /0, /eru/0/ogu/1/exocon_ipen0, /0, /eru/0/ogu/1/exocon_ipen3, /0, /eru/0/ers_etl/1/exisel_exsxb, /0, /eru/0/ers_etl/1/exicon_pe, /0, /eru/0/ers_etl/1/exicon_ocs, /0, /eru/0/ers_etl/1/exisel_exsxa, /0, /eru/0/ers_etl/2/exisel_exsxb, /0, /eru/0/ers_etl/2/exicon_pe, /0, /eru/0/ers_etl/2/exicon_ocs, /0, /eru/0/ers_etl/2/exisel_exsxa, /0, /p/4/pad/6/iocr_pcr, /0, /p/4/pad/6/iocr_oe, /0, /p/4/pad/6/hwsel_hw, /0, /p/4/pad/5/iocr_pcr, /0, /p/4/pad/5/iocr_oe, /0, /p/4/pad/5/hwsel_hw, /0, /p/4/pad/4/iocr_pcr, /0, /p/4/pad/4/iocr_oe, /0, /p/4/pad/4/hwsel_hw, /0, /p/4/pad/3/iocr_pcr, /0, /p/4/pad/3/iocr_oe, /0, /p/4/pad/3/hwsel_hw, /0, /p/4/pad/7/iocr_pcr, /0, /p/4/pad/7/iocr_oe, /0, /p/4/pad/7/hwsel_hw, /0, /p/4/pad/2/iocr_pcr, /0, /p/4/pad/2/iocr_oe, /0, /p/4/pad/2/hwsel_hw, /0, /p/4/pad/1/iocr_pcr, /0, /p/4/pad/1/iocr_oe, /1, /p/4/pad/1/hwsel_hw, /0, /p/4/pad/0/iocr_pcr, /0, /p/4/pad/0/iocr_oe, /0, /p/4/pad/0/hwsel_hw, /0, /p/1/pad/1/iocr_pcr, /0, /p/1/pad/1/iocr_oe, /0, /p/1/pad/1/hwsel_hw, /0, /p/1/pad/0/iocr_pcr, /0, /p/1/pad/0/iocr_oe, /0, /p/1/pad/0/hwsel_hw, /0, /p/1/pad/5/iocr_pcr, /2, /p/1/pad/5/iocr_oe, /1, /p/1/pad/5/hwsel_hw, /0, /p/1/pad/4/iocr_pcr, /0, /p/1/pad/4/iocr_oe, /1, /p/1/pad/4/hwsel_hw, /0, /p/1/pad/3/iocr_pcr, /0, /p/1/pad/3/iocr_oe, /0, /p/1/pad/3/hwsel_hw, /0, /p/1/pad/2/iocr_pcr, /0, /p/1/pad/2/iocr_oe, /0, /p/1/pad/2/hwsel_hw, /0, /p/1/pad/9/iocr_pcr, /0, /p/1/pad/9/iocr_oe, /0, /p/1/pad/9/hwsel_hw, /0, /p/1/pad/8/iocr_pcr, /0, /p/1/pad/8/iocr_oe, /0, /p/1/pad/8/hwsel_hw, /0, /p/1/pad/7/iocr_pcr, /0, /p/1/pad/7/iocr_oe, /0, /p/1/pad/7/hwsel_hw, /0, /p/1/pad/6/iocr_pcr, /0, /p/1/pad/6/iocr_oe, /0, /p/1/pad/6/hwsel_hw, /0, /p/1/pad/12/iocr_pcr, /0, /p/1/pad/12/iocr_oe, /0, /p/1/pad/12/hwsel_hw, /0, /p/1/pad/11/iocr_pcr, /0, /p/1/pad/11/iocr_oe, /0, /p/1/pad/11/hwsel_hw, /0, /p/1/pad/10/iocr_pcr, /0, /p/1/pad/10/iocr_oe, /0, /p/1/pad/10/hwsel_hw, /0, /p/1/pad/15/iocr_pcr, /0, /p/1/pad/15/iocr_oe, /0, /p/1/pad/15/hwsel_hw, /0, /p/1/pad/13/iocr_pcr, /0, /p/1/pad/13/iocr_oe, /0, /p/1/pad/13/hwsel_hw, /0, /p/1/pad/14/iocr_pcr, /0, /p/1/pad/14/iocr_oe, /0, /p/1/pad/14/hwsel_hw, /0, /p/14/pad/15/iocr_oe, /0, /p/14/pad/15/pdisc_pdis, /1, /p/14/pad/12/iocr_oe, /0, /p/14/pad/12/pdisc_pdis, /1, /p/14/pad/1/iocr_oe, /0, /p/14/pad/1/pdisc_pdis, /1, /p/14/pad/0/iocr_oe, /0, /p/14/pad/0/pdisc_pdis, /1, /p/14/pad/14/iocr_oe, /0, /p/14/pad/14/pdisc_pdis, /1, /p/14/pad/3/iocr_oe, /0, /p/14/pad/3/pdisc_pdis, /1, /p/14/pad/2/iocr_oe, /0, /p/14/pad/2/pdisc_pdis, /1, /p/14/pad/13/iocr_oe, /0, /p/14/pad/13/pdisc_pdis, /1, /p/14/pad/7/iocr_oe, /0, /p/14/pad/7/pdisc_pdis, /1, /p/14/pad/6/iocr_oe, /0, /p/14/pad/6/pdisc_pdis, /1, /p/14/pad/5/iocr_oe, /0, /p/14/pad/5/pdisc_pdis, /1, /p/14/pad/4/iocr_oe, /0, /p/14/pad/4/pdisc_pdis, /1, /p/14/pad/9/iocr_oe, /0, /p/14/pad/9/pdisc_pdis, /1, /p/14/pad/8/iocr_oe, /0, /p/14/pad/8/pdisc_pdis, /1, /p/3/pad/11/iocr_pcr, /0, /p/3/pad/11/iocr_oe, /0, /p/3/pad/11/hwsel_hw, /0, /p/3/pad/12/iocr_pcr, /0, /p/3/pad/12/iocr_oe, /0, /p/3/pad/12/hwsel_hw, /0, /p/3/pad/13/iocr_pcr, /0, /p/3/pad/13/iocr_oe, /0, /p/3/pad/13/hwsel_hw, /0, /p/3/pad/14/iocr_pcr, /0, /p/3/pad/14/iocr_oe, /0, /p/3/pad/14/hwsel_hw, /0, /p/3/pad/10/iocr_pcr, /0, /p/3/pad/10/iocr_oe, /0, /p/3/pad/10/hwsel_hw, /0, /p/3/pad/1/iocr_pcr, /0, /p/3/pad/1/iocr_oe, /0, /p/3/pad/1/hwsel_hw, /0, /p/3/pad/0/iocr_pcr, /0, /p/3/pad/0/iocr_oe, /0, /p/3/pad/0/hwsel_hw, /0, /p/3/pad/3/iocr_pcr, /0, /p/3/pad/3/iocr_oe, /0, /p/3/pad/3/hwsel_hw, /0, /p/3/pad/2/iocr_pcr, /0, /p/3/pad/2/iocr_oe, /0, /p/3/pad/2/hwsel_hw, /0, /p/3/pad/5/iocr_pcr, /0, /p/3/pad/5/iocr_oe, /0, /p/3/pad/5/hwsel_hw, /0, /p/3/pad/4/iocr_pcr, /0, /p/3/pad/4/iocr_oe, /0, /p/3/pad/4/hwsel_hw, /0, /p/3/pad/7/iocr_pcr, /0, /p/3/pad/7/iocr_oe, /0, /p/3/pad/7/hwsel_hw, /0, /p/3/pad/6/iocr_pcr, /0, /p/3/pad/6/iocr_oe, /0, /p/3/pad/6/hwsel_hw, /0, /p/3/pad/9/iocr_pcr, /0, /p/3/pad/9/iocr_oe, /0, /p/3/pad/9/hwsel_hw, /0, /p/3/pad/15/iocr_pcr, /0, /p/3/pad/15/iocr_oe, /0, /p/3/pad/15/hwsel_hw, /0, /p/3/pad/8/iocr_pcr, /0, /p/3/pad/8/iocr_oe, /0, /p/3/pad/8/hwsel_hw, /0, /p/6/pad/0/iocr_pcr, /0, /p/6/pad/0/iocr_oe, /0, /p/6/pad/0/hwsel_hw, /0, /p/6/pad/4/iocr_pcr, /0, /p/6/pad/4/iocr_oe, /0, /p/6/pad/4/hwsel_hw, /0, /p/6/pad/3/iocr_pcr, /0, /p/6/pad/3/iocr_oe, /0, /p/6/pad/3/hwsel_hw, /0, /p/6/pad/2/iocr_pcr, /0, /p/6/pad/2/iocr_oe, /0, /p/6/pad/2/hwsel_hw, /0, /p/6/pad/1/iocr_pcr, /0, /p/6/pad/1/iocr_oe, /0, /p/6/pad/1/hwsel_hw, /0, /p/6/pad/6/iocr_pcr, /0, /p/6/pad/6/iocr_oe, /0, /p/6/pad/6/hwsel_hw, /0, /p/6/pad/5/iocr_pcr, /0, /p/6/pad/5/iocr_oe, /0, /p/6/pad/5/hwsel_hw, /0, /p/2/pad/12/iocr_pcr, /0, /p/2/pad/12/iocr_oe, /0, /p/2/pad/12/hwsel_hw, /0, /p/2/pad/13/iocr_pcr, /0, /p/2/pad/13/iocr_oe, /0, /p/2/pad/13/hwsel_hw, /0, /p/2/pad/10/iocr_pcr, /0, /p/2/pad/10/iocr_oe, /0, /p/2/pad/10/hwsel_hw, /0, /p/2/pad/11/iocr_pcr, /0, /p/2/pad/11/iocr_oe, /0, /p/2/pad/11/hwsel_hw, /0, /p/2/pad/2/iocr_pcr, /3, /p/2/pad/2/iocr_oe, /1, /p/2/pad/2/hwsel_hw, /0, /p/2/pad/1/iocr_pcr, /0, /p/2/pad/1/iocr_oe, /0, /p/2/pad/1/hwsel_hw, /1, /p/2/pad/4/iocr_pcr, /0, /p/2/pad/4/iocr_oe, /0, /p/2/pad/4/hwsel_hw, /0, /p/2/pad/3/iocr_pcr, /3, /p/2/pad/3/iocr_oe, /1, /p/2/pad/3/hwsel_hw, /0, /p/2/pad/0/iocr_pcr, /0, /p/2/pad/0/iocr_oe, /1, /p/2/pad/0/hwsel_hw, /0, /p/2/pad/9/iocr_pcr, /3, /p/2/pad/9/iocr_oe, /1, /p/2/pad/9/hwsel_hw, /0, /p/2/pad/6/iocr_pcr, /0, /p/2/pad/6/iocr_oe, /0, /p/2/pad/6/hwsel_hw, /0, /p/2/pad/5/iocr_pcr, /0, /p/2/pad/5/iocr_oe, /0, /p/2/pad/5/hwsel_hw, /0, /p/2/pad/8/iocr_pcr, /3, /p/2/pad/8/iocr_oe, /1, /p/2/pad/8/hwsel_hw, /0, /p/2/pad/15/iocr_pcr, /3, /p/2/pad/15/iocr_oe, /1, /p/2/pad/15/hwsel_hw, /0, /p/2/pad/14/iocr_pcr, /2, /p/2/pad/14/iocr_oe, /1, /p/2/pad/14/hwsel_hw, /0, /p/2/pad/7/iocr_pcr, /3, /p/2/pad/7/iocr_oe, /1, /p/2/pad/7/hwsel_hw, /0, /p/0/pad/13/iocr_pcr, /0, /p/0/pad/13/iocr_oe, /0, /p/0/pad/13/hwsel_hw, /0, /p/0/pad/12/iocr_pcr, /0, /p/0/pad/12/iocr_oe, /0, /p/0/pad/12/hwsel_hw, /0, /p/0/pad/15/iocr_pcr, /0, /p/0/pad/15/iocr_oe, /0, /p/0/pad/15/hwsel_hw, /0, /p/0/pad/14/iocr_pcr, /0, /p/0/pad/14/iocr_oe, /0, /p/0/pad/14/hwsel_hw, /0, /p/0/pad/1/iocr_pcr, /0, /p/0/pad/1/iocr_oe, /0, /p/0/pad/1/hwsel_hw, /0, /p/0/pad/2/iocr_pcr, /0, /p/0/pad/2/iocr_oe, /0, /p/0/pad/2/hwsel_hw, /0, /p/0/pad/0/iocr_pcr, /0, /p/0/pad/0/iocr_oe, /0, /p/0/pad/0/hwsel_hw, /0, /p/0/pad/5/iocr_pcr, /0, /p/0/pad/5/iocr_oe, /0, /p/0/pad/5/hwsel_hw, /0, /p/0/pad/6/iocr_pcr, /0, /p/0/pad/6/iocr_oe, /0, /p/0/pad/6/hwsel_hw, /0, /p/0/pad/3/iocr_pcr, /0, /p/0/pad/3/iocr_oe, /0, /p/0/pad/3/hwsel_hw, /0, /p/0/pad/4/iocr_pcr, /0, /p/0/pad/4/iocr_oe, /0, /p/0/pad/4/hwsel_hw, /0, /p/0/pad/9/iocr_pcr, /0, /p/0/pad/9/iocr_oe, /0, /p/0/pad/9/hwsel_hw, /0, /p/0/pad/7/iocr_pcr, /0, /p/0/pad/7/iocr_oe, /0, /p/0/pad/7/hwsel_hw, /1, /p/0/pad/8/iocr_pcr, /2, /p/0/pad/8/iocr_oe, /1, /p/0/pad/8/hwsel_hw, /0, /p/0/pad/10/iocr_pcr, /0, /p/0/pad/10/iocr_oe, /0, /p/0/pad/10/hwsel_hw, /0, /p/0/pad/11/iocr_pcr, /0, /p/0/pad/11/iocr_oe, /0, /p/0/pad/11/hwsel_hw, /0, /eth/0/eth/con_rxd1, /0, /eth/0/eth/con_rxd0, /0, /eth/0/eth/con_crs_dv, /0, /eth/0/eth/con_rmii, /0, /eth/0/eth/con_mdio, /0, /eth/0/eth/con_col, /0, /eth/0/eth/con_rxer, /0, /eth/0/eth/con_clk_tx, /0, /eth/0/eth/con_rxd3, /0, /eth/0/eth/con_rxd2, /0, /eth/0/eth/con_crs, /0, /ecat/0/ecat/con_conp0_rxd1, /0, /ecat/0/ecat/con_conp0_rxd0, /0, /ecat/0/ecat/con_conp0_rxd2, /0, /ecat/0/ecat/con_conp0_rxd3, /0, /ecat/0/ecat/con_conp1_link, /0, /ecat/0/ecat/con_conp1_rx_err, /0, /ecat/0/ecat/con_con_latchin1sel, /0, /ecat/0/ecat/con_con_latchin0sel, /0, /ecat/0/ecat/con_conp0_rx_err, /0, /ecat/0/ecat/con_conp0_link, /0, /ecat/0/ecat/con_conp0_rx_dv, /0, /ecat/0/ecat/con_conp0_rx_clk, /0, /ecat/0/ecat/con_conp0_tx_clk, /0, /ecat/0/ecat/con_conp1_rxd3, /0, /ecat/0/ecat/con_conp1_rxd1, /0, /ecat/0/ecat/con_conp1_rx_clk, /0, /ecat/0/ecat/con_conp1_rxd2, /0, /ecat/0/ecat/con_conp1_rx_dv, /0, /ecat/0/ecat/con_conp1_rxd0, /0, /ecat/0/ecat/con_conp1_tx_clk, /0, /ecat/0/ecat/con_con_mdio, /0, /dlr/0/ch/10/srsel_rs, /0, /dlr/0/ch/2/srsel_rs, /0, /dlr/0/ch/3/srsel_rs, /0, /dlr/0/ch/0/srsel_rs, /0, /dlr/0/ch/11/srsel_rs, /0, /dlr/0/ch/1/srsel_rs, /0, /dlr/0/ch/6/srsel_rs, /0, /dlr/0/ch/7/srsel_rs, /0, /dlr/0/ch/4/srsel_rs, /0, /dlr/0/ch/5/srsel_rs, /0, /dlr/0/ch/8/srsel_rs, /0, /dlr/0/ch/9/srsel_rs, /0, /ccu4/1/cc4/3/ins_ev1is, /0, /ccu4/1/cc4/3/ins_ev2is, /0, /ccu4/1/cc4/3/ins_ev0is, /8, /ccu4/1/cc4/3/srs_e1sr, /0, /ccu4/1/cc4/3/srs_e2sr, /0, /ccu4/1/cc4/3/srs_e0sr, /0, /ccu4/1/cc4/3/cmc_tce, /0, /ccu4/1/cc4/3/srs_cmsr, /0, /ccu4/1/cc4/3/srs_posr, /0, /ccu4/1/cc4/1/ins_ev1is, /0, /ccu4/1/cc4/1/ins_ev2is, /0, /ccu4/1/cc4/1/ins_ev0is, /8, /ccu4/1/cc4/1/srs_e1sr, /0, /ccu4/1/cc4/1/srs_e2sr, /0, /ccu4/1/cc4/1/srs_e0sr, /0, /ccu4/1/cc4/1/cmc_tce, /0, /ccu4/1/cc4/1/srs_cmsr, /0, /ccu4/1/cc4/1/srs_posr, /2, /ccu4/1/cc4/2/ins_ev1is, /0, /ccu4/1/cc4/2/ins_ev2is, /0, /ccu4/1/cc4/2/ins_ev0is, /8, /ccu4/1/cc4/2/srs_e1sr, /0, /ccu4/1/cc4/2/srs_e2sr, /0, /ccu4/1/cc4/2/srs_e0sr, /0, /ccu4/1/cc4/2/cmc_tce, /0, /ccu4/1/cc4/2/srs_cmsr, /0, /ccu4/1/cc4/2/srs_posr, /0, /ccu4/1/global/gctrl_pcis, /0, /ccu4/1/cc4/0/ins_ev1is, /0, /ccu4/1/cc4/0/ins_ev2is, /0, /ccu4/1/cc4/0/ins_ev0is, /0, /ccu4/1/cc4/0/srs_e1sr, /0, /ccu4/1/cc4/0/srs_e2sr, /0, /ccu4/1/cc4/0/srs_e0sr, /0, /ccu4/1/cc4/0/srs_cmsr, /0, /ccu4/1/cc4/0/srs_posr, /0, /dma8/0/ch_adv/0/cfgh_src_per, /0, /dma8/0/ch_adv/0/cfgh_dest_per, /0, /dma8/0/ch_adv/1/cfgh_src_per, /0, /dma8/0/ch_adv/1/cfgh_dest_per, /0, /dma8/0/ch/5/cfgh_src_per, /0, /dma8/0/ch/5/cfgh_dest_per, /0, /dma8/0/ch/4/cfgh_src_per, /0, /dma8/0/ch/4/cfgh_dest_per, /0, /dma8/0/ch/3/cfgh_src_per, /0, /dma8/0/ch/3/cfgh_dest_per, /0, /dma8/0/ch/2/cfgh_src_per, /0, /dma8/0/ch/2/cfgh_dest_per, /0, /dma8/0/ch/6/cfgh_src_per, /0, /dma8/0/ch/6/cfgh_dest_per, /0, /dma8/0/ch/7/cfgh_src_per, /0, /dma8/0/ch/7/cfgh_dest_per, /0, /ccu4/0/global/gctrl_pcis, /0, /ccu4/0/cc4/1/ins_ev1is, /0, /ccu4/0/cc4/1/ins_ev2is, /0, /ccu4/0/cc4/1/ins_ev0is, /0, /ccu4/0/cc4/1/srs_e1sr, /0, /ccu4/0/cc4/1/srs_e2sr, /0, /ccu4/0/cc4/1/srs_e0sr, /0, /ccu4/0/cc4/1/cmc_tce, /0, /ccu4/0/cc4/1/srs_cmsr, /0, /ccu4/0/cc4/1/srs_posr, /1, /ccu4/0/cc4/0/ins_ev1is, /0, /ccu4/0/cc4/0/ins_ev2is, /0, /ccu4/0/cc4/0/ins_ev0is, /0, /ccu4/0/cc4/0/srs_e1sr, /0, /ccu4/0/cc4/0/srs_e2sr, /0, /ccu4/0/cc4/0/srs_e0sr, /0, /ccu4/0/cc4/0/srs_cmsr, /0, /ccu4/0/cc4/0/srs_posr, /2, /ccu4/0/cc4/3/ins_ev1is, /0, /ccu4/0/cc4/3/ins_ev2is, /0, /ccu4/0/cc4/3/ins_ev0is, /0, /ccu4/0/cc4/3/srs_e1sr, /0, /ccu4/0/cc4/3/srs_e2sr, /0, /ccu4/0/cc4/3/srs_e0sr, /0, /ccu4/0/cc4/3/cmc_tce, /0, /ccu4/0/cc4/3/srs_cmsr, /0, /ccu4/0/cc4/3/srs_posr, /0, /ccu4/0/cc4/2/ins_ev1is, /0, /ccu4/0/cc4/2/ins_ev2is, /0, /ccu4/0/cc4/2/ins_ev0is, /0, /ccu4/0/cc4/2/srs_e1sr, /0, /ccu4/0/cc4/2/srs_e2sr, /0, /ccu4/0/cc4/2/srs_e0sr, /0, /ccu4/0/cc4/2/cmc_tce, /0, /ccu4/0/cc4/2/srs_cmsr, /0, /ccu4/0/cc4/2/srs_posr, /0, /usic/1/channel/0/dx0cr_dsel, /1, /usic/1/channel/0/ccr_hpcen, /0, /usic/1/channel/0/dx2cr_dsel, /0, /usic/1/channel/0/dx4cr_dsel, /0, /usic/1/channel/0/dx3cr_dsel, /0, /usic/1/channel/0/dx1cr_dsel, /0, /usic/1/channel/0/dx5cr_dsel, /0, /usic/1/channel/0/rbctr_srbien, /1, /usic/1/channel/0/rbctr_srbinp, /0, /usic/1/channel/0/ccr_aien, /0, /usic/1/channel/0/inpr_ainp, /0, /usic/1/channel/0/ccr_brgien, /0, /usic/1/channel/0/inpr_pinp, /2, /usic/1/channel/0/rbctr_rberien, /0, /usic/1/channel/0/rbctr_arbinp, /0, /usic/1/channel/0/ccr_tsien, /0, /usic/1/channel/0/inpr_tsinp, /0, /usic/1/channel/0/rbctr_arbien, /1, /usic/1/channel/0/tbctr_tberien, /0, /usic/1/channel/0/tbctr_atbinp, /0, /usic/1/channel/0/ccr_tbien, /0, /usic/1/channel/0/inpr_tbinp, /0, /usic/1/channel/0/ccr_rsien, /0, /usic/1/channel/0/ccr_dlien, /0, /usic/1/channel/0/tbctr_stbien, /1, /usic/1/channel/0/tbctr_stbinp, /1, /usic/1/channel/0/ccr_rien, /0, /usic/1/channel/0/inpr_rinp, /0, /usic/1/channel/0/rbctr_dptr, /0, /usic/1/channel/0/tbctr_dptr, /16, /usic/1/channel/0/rbctr_size, /4, /usic/1/channel/0/tbctr_size, /4, /usic/1/channel/1/dx0cr_dsel, /0, /usic/1/channel/1/ccr_hpcen, /0, /usic/1/channel/1/dx2cr_dsel, /0, /usic/1/channel/1/dx4cr_dsel, /0, /usic/1/channel/1/dx3cr_dsel, /0, /usic/1/channel/1/dx1cr_dsel, /0, /usic/1/channel/1/dx5cr_dsel, /0, /usic/1/channel/1/rbctr_srbien, /0, /usic/1/channel/1/rbctr_srbinp, /0, /usic/1/channel/1/ccr_aien, /0, /usic/1/channel/1/inpr_ainp, /0, /usic/1/channel/1/ccr_brgien, /0, /usic/1/channel/1/inpr_pinp, /0, /usic/1/channel/1/rbctr_rberien, /0, /usic/1/channel/1/rbctr_arbinp, /0, /usic/1/channel/1/ccr_tsien, /0, /usic/1/channel/1/inpr_tsinp, /0, /usic/1/channel/1/rbctr_arbien, /0, /usic/1/channel/1/tbctr_tberien, /0, /usic/1/channel/1/tbctr_atbinp, /0, /usic/1/channel/1/ccr_tbien, /0, /usic/1/channel/1/inpr_tbinp, /0, /usic/1/channel/1/ccr_rsien, /0, /usic/1/channel/1/ccr_dlien, /0, /usic/1/channel/1/tbctr_stbien, /0, /usic/1/channel/1/tbctr_stbinp, /0, /usic/1/channel/1/ccr_rien, /0, /usic/1/channel/1/inpr_rinp, /0, /usic/1/channel/1/rbctr_dptr, /0, /usic/1/channel/1/tbctr_dptr, /0, /usic/1/channel/1/rbctr_size, /0, /usic/1/channel/1/tbctr_size, /0, /cpu/0/nvic/interrupt/3/iser_setena, /0, /cpu/0/nvic/interrupt/63/iser_setena, /0, /cpu/0/nvic/interrupt/4/iser_setena, /0, /cpu/0/nvic/interrupt/62/iser_setena, /0, /cpu/0/nvic/interrupt/1/iser_setena, /0, /cpu/0/nvic/interrupt/2/iser_setena, /0, /cpu/0/nvic/interrupt/61/iser_setena, /0, /cpu/0/nvic/interrupt/7/iser_setena, /0, /cpu/0/nvic/interrupt/60/iser_setena, /0, /cpu/0/nvic/interrupt/8/iser_setena, /0, /cpu/0/nvic/interrupt/5/iser_setena, /0, /cpu/0/nvic/interrupt/6/iser_setena, /0, /cpu/0/nvic/interrupt/108/iser_setena, /0, /cpu/0/nvic/interrupt/109/iser_setena, /0, /cpu/0/nvic/interrupt/0/iser_setena, /0, /cpu/0/nvic/interrupt/77/iser_setena, /0, /cpu/0/nvic/interrupt/76/iser_setena, /0, /cpu/0/nvic/interrupt/79/iser_setena, /0, /cpu/0/nvic/interrupt/78/iser_setena, /0, /cpu/0/nvic/interrupt/42/iser_setena, /0, /cpu/0/nvic/interrupt/46/iser_setena, /1, /cpu/0/nvic/interrupt/45/iser_setena, /1, /cpu/0/nvic/interrupt/44/iser_setena, /0, /cpu/0/nvic/interrupt/43/iser_setena, /0, /cpu/0/nvic/interrupt/49/iser_setena, /0, /cpu/0/nvic/interrupt/48/iser_setena, /0, /cpu/0/nvic/interrupt/47/iser_setena, /0, /cpu/0/nvic/interrupt/51/iser_setena, /0, /cpu/0/nvic/interrupt/50/iser_setena, /0, /cpu/0/nvic/interrupt/19/iser_setena, /1, /cpu/0/nvic/interrupt/18/iser_setena, /0, /cpu/0/nvic/interrupt/25/iser_setena, /1, /cpu/0/nvic/interrupt/26/iser_setena, /0, /cpu/0/nvic/interrupt/27/iser_setena, /0, /cpu/0/nvic/interrupt/28/iser_setena, /0, /cpu/0/nvic/interrupt/21/iser_setena, /0, /cpu/0/nvic/interrupt/22/iser_setena, /0, /cpu/0/nvic/interrupt/23/iser_setena, /0, /cpu/0/nvic/interrupt/24/iser_setena, /0, /cpu/0/nvic/interrupt/20/iser_setena, /0, /cpu/0/nvic/interrupt/29/iser_setena, /0, /cpu/0/nvic/interrupt/32/iser_setena, /0, /cpu/0/nvic/interrupt/33/iser_setena, /0, /cpu/0/nvic/interrupt/30/iser_setena, /0, /cpu/0/nvic/interrupt/31/iser_setena, /0, /cpu/0/nvic/interrupt/89/iser_setena, /0, /cpu/0/nvic/interrupt/87/iser_setena, /0, /cpu/0/nvic/interrupt/88/iser_setena, /0, /cpu/0/nvic/interrupt/81/iser_setena, /0, /cpu/0/nvic/interrupt/82/iser_setena, /0, /cpu/0/nvic/interrupt/80/iser_setena, /0, /cpu/0/nvic/interrupt/85/iser_setena, /0, /cpu/0/nvic/interrupt/86/iser_setena, /0, /cpu/0/nvic/interrupt/83/iser_setena, /0, /cpu/0/nvic/interrupt/84/iser_setena, /0, /cpu/0/nvic/interrupt/90/iser_setena, /1, /cpu/0/nvic/interrupt/91/iser_setena, /1, /cpu/0/nvic/interrupt/92/iser_setena, /0, /cpu/0/nvic/interrupt/93/iser_setena, /0, /cpu/0/nvic/interrupt/94/iser_setena, /0, /cpu/0/nvic/interrupt/95/iser_setena, /0, /cpu/0/nvic/interrupt/12/iser_setena, /0, /cpu/0/nvic/interrupt/16/iser_setena, /0, /cpu/0/nvic/interrupt/17/iser_setena, /0, /cpu/0/nvic/interrupt/14/iser_setena, /0, /cpu/0/nvic/interrupt/15/iser_setena, /0, /cpu/0/nvic/interrupt/107/iser_setena, /0, /cpu/0/nvic/interrupt/106/iser_setena, /0, /cpu/0/nvic/interrupt/105/iser_setena, /0, /cpu/0/nvic/interrupt/104/iser_setena, /0, /cpu/0/nvic/interrupt/102/iser_setena, /0, /ccu8/0/cc8/0/ins_ev1is, /0, /ccu8/0/cc8/0/ins_ev2is, /0, /ccu8/0/cc8/0/ins_ev0is, /7, /ccu8/0/cc8/0/srs_e1sr, /0, /ccu8/0/cc8/0/srs_e2sr, /0, /ccu8/0/cc8/0/srs_e0sr, /0, /ccu8/0/cc8/0/srs_posr, /0, /ccu8/0/cc8/0/srs_cm1sr, /0, /ccu8/0/cc8/0/srs_cm2sr, /0, /ccu8/0/cc8/1/ins_ev1is, /0, /ccu8/0/cc8/1/ins_ev2is, /0, /ccu8/0/cc8/1/ins_ev0is, /7, /ccu8/0/cc8/1/srs_e1sr, /0, /ccu8/0/cc8/1/srs_e2sr, /0, /ccu8/0/cc8/1/srs_e0sr, /0, /ccu8/0/cc8/1/cmc_tce, /0, /ccu8/0/cc8/1/srs_posr, /0, /ccu8/0/cc8/1/srs_cm1sr, /0, /ccu8/0/cc8/1/srs_cm2sr, /0, /ccu8/0/cc8/2/ins_ev1is, /0, /ccu8/0/cc8/2/ins_ev2is, /0, /ccu8/0/cc8/2/ins_ev0is, /7, /ccu8/0/cc8/2/srs_e1sr, /0, /ccu8/0/cc8/2/srs_e2sr, /0, /ccu8/0/cc8/2/srs_e0sr, /0, /ccu8/0/cc8/2/cmc_tce, /0, /ccu8/0/cc8/2/srs_posr, /0, /ccu8/0/cc8/2/srs_cm1sr, /0, /ccu8/0/cc8/2/srs_cm2sr, /0, /ccu8/0/cc8/3/ins_ev1is, /0, /ccu8/0/cc8/3/ins_ev2is, /0, /ccu8/0/cc8/3/ins_ev0is, /7, /ccu8/0/cc8/3/srs_e1sr, /0, /ccu8/0/cc8/3/srs_e2sr, /0, /ccu8/0/cc8/3/srs_e0sr, /0, /ccu8/0/cc8/3/cmc_tce, /0, /ccu8/0/cc8/3/srs_posr, /0, /ccu8/0/cc8/3/srs_cm1sr, /0, /ccu8/0/cc8/3/srs_cm2sr, /0, /ccu8/0/global/gctrl_pcis, /0, /scu/0/gcu/interrupt/rtctick/nmireqen_pi, /0, /scu/0/hcu/hdcr_wkupsel, /0, /scu/0/hcu/hdcr_gpi0sel, /0, /scu/0/gcu/interrupt/prewarn/nmireqen_prwarn, /0, /scu/0/gcu/interrupt/rtcalarm/nmireqen_ai, /0, /scu/0/gcu/interrupt/erunmi/3/nmireqen_eru, /0, /scu/0/gcu/interrupt/erunmi/0/nmireqen_eru, /0, /scu/0/gcu/interrupt/erunmi/1/nmireqen_eru, /0, /scu/0/gcu/interrupt/erunmi/2/nmireqen_eru, /0, /usic/0/channel/0/dx0cr_dsel, /0, /usic/0/channel/0/ccr_hpcen, /0, /usic/0/channel/0/dx2cr_dsel, /0, /usic/0/channel/0/dx4cr_dsel, /0, /usic/0/channel/0/dx3cr_dsel, /0, /usic/0/channel/0/dx1cr_dsel, /1, /usic/0/channel/0/dx5cr_dsel, /0, /usic/0/channel/0/rbctr_srbien, /0, /usic/0/channel/0/rbctr_srbinp, /0, /usic/0/channel/0/ccr_aien, /0, /usic/0/channel/0/inpr_ainp, /0, /usic/0/channel/0/ccr_brgien, /0, /usic/0/channel/0/inpr_pinp, /0, /usic/0/channel/0/rbctr_rberien, /0, /usic/0/channel/0/rbctr_arbinp, /0, /usic/0/channel/0/ccr_tsien, /0, /usic/0/channel/0/inpr_tsinp, /0, /usic/0/channel/0/rbctr_arbien, /0, /usic/0/channel/0/tbctr_tberien, /0, /usic/0/channel/0/tbctr_atbinp, /0, /usic/0/channel/0/ccr_tbien, /0, /usic/0/channel/0/inpr_tbinp, /0, /usic/0/channel/0/ccr_rsien, /0, /usic/0/channel/0/ccr_dlien, /0, /usic/0/channel/0/tbctr_stbien, /0, /usic/0/channel/0/tbctr_stbinp, /0, /usic/0/channel/0/ccr_rien, /0, /usic/0/channel/0/inpr_rinp, /0, /usic/0/channel/0/rbctr_dptr, /0, /usic/0/channel/0/tbctr_dptr, /16, /usic/0/channel/0/rbctr_size, /4, /usic/0/channel/0/tbctr_size, /4, /usic/0/channel/1/dx0cr_dsel, /0, /usic/0/channel/1/ccr_hpcen, /0, /usic/0/channel/1/dx2cr_dsel, /0, /usic/0/channel/1/dx4cr_dsel, /0, /usic/0/channel/1/dx3cr_dsel, /0, /usic/0/channel/1/dx1cr_dsel, /0, /usic/0/channel/1/dx5cr_dsel, /0, /usic/0/channel/1/rbctr_srbien, /0, /usic/0/channel/1/rbctr_srbinp, /0, /usic/0/channel/1/ccr_aien, /0, /usic/0/channel/1/inpr_ainp, /0, /usic/0/channel/1/ccr_brgien, /0, /usic/0/channel/1/inpr_pinp, /0, /usic/0/channel/1/rbctr_rberien, /0, /usic/0/channel/1/rbctr_arbinp, /0, /usic/0/channel/1/ccr_tsien, /0, /usic/0/channel/1/inpr_tsinp, /0, /usic/0/channel/1/rbctr_arbien, /0, /usic/0/channel/1/tbctr_tberien, /0, /usic/0/channel/1/tbctr_atbinp, /0, /usic/0/channel/1/ccr_tbien, /0, /usic/0/channel/1/inpr_tbinp, /0, /usic/0/channel/1/ccr_rsien, /0, /usic/0/channel/1/ccr_dlien, /0, /usic/0/channel/1/tbctr_stbien, /0, /usic/0/channel/1/tbctr_stbinp, /0, /usic/0/channel/1/ccr_rien, /0, /usic/0/channel/1/inpr_rinp, /0, /usic/0/channel/1/rbctr_dptr, /0, /usic/0/channel/1/tbctr_dptr, /0, /usic/0/channel/1/rbctr_size, /0, /usic/0/channel/1/tbctr_size, /0, /vadc/0/group/1/result_adv/3/grevnp_revnp, /0, /vadc/0/group/1/result_filter/15/grevnp_revnp, /0, /vadc/0/group/1/result_adv/0/grevnp_revnp, /0, /vadc/0/group/1/result_adv/1/grevnp_revnp, /0, /vadc/0/group/1/result_adv/2/grevnp_revnp, /0, /vadc/0/group/1/result_filter/7/grevnp_revnp, /0, /vadc/0/group/0/result_filter/15/grevnp_revnp, /0, /vadc/0/group/0/result/4/grevnp_revnp, /0, /vadc/0/group/0/result/5/grevnp_revnp, /0, /vadc/0/group/0/result/8/grevnp_revnp, /0, /vadc/0/group/0/result/9/grevnp_revnp, /0, /vadc/0/group/0/result/6/grevnp_revnp, /0, /vadc/0/group/0/ch/2/gchctr_resreg, /0, /vadc/0/group/0/ch/2/gcevnp0_cevnp, /0, /vadc/0/group/0/ch/2/gchctr_iclsel, /0, /vadc/0/group/0/ch/3/gchctr_resreg, /0, /vadc/0/group/0/ch/3/gcevnp0_cevnp, /0, /vadc/0/group/0/ch/3/gchctr_iclsel, /0, /vadc/0/group/0/ch/4/gchctr_resreg, /5, /vadc/0/group/0/ch/4/gcevnp0_cevnp, /0, /vadc/0/group/0/ch/4/gchctr_iclsel, /0, /vadc/0/group/0/ch/5/gchctr_resreg, /8, /vadc/0/group/0/ch/5/gcevnp0_cevnp, /0, /vadc/0/group/0/ch/5/gchctr_iclsel, /0, /vadc/0/group/0/ch/6/gchctr_resreg, /9, /vadc/0/group/0/ch/6/gcevnp0_cevnp, /0, /vadc/0/group/0/ch/6/gchctr_iclsel, /0, /vadc/0/group/0/ch/7/gchctr_resreg, /0, /vadc/0/group/0/ch/7/gcevnp0_cevnp, /0, /vadc/0/group/0/ch/7/gchctr_iclsel, /0, /vadc/0/group/0/ch/0/galias_alias0, /1, /vadc/0/group/0/ch/0/gchctr_resreg, /4, /vadc/0/group/0/ch/0/gcevnp0_cevnp, /0, /vadc/0/group/0/ch/0/gchctr_iclsel, /0, /vadc/0/group/0/ch/1/galias_alias1, /0, /vadc/0/group/0/ch/1/gchctr_resreg, /15, /vadc/0/group/0/ch/1/gcevnp0_cevnp, /0, /vadc/0/group/0/ch/1/gchctr_iclsel, /0, /vadc/0/group/1/scan/gasctrl_gtsel, /0, /vadc/0/group/1/scan/gasctrl_xtsel, /2, /vadc/0/group/1/scan/gsevnp_sev1np, /3, /vadc/0/backgnd/brsctrl_gtsel, /0, /vadc/0/backgnd/brsctrl_xtsel, /0, /vadc/0/backgnd/globevnp_sev0np, /0, /vadc/0/group/1/queue/gqctrl0_gtsel, /0, /vadc/0/group/1/queue/gqctrl0_xtsel, /0, /vadc/0/group/1/queue/gsevnp_sev0np, /0, /vadc/0/group/0/result/11/grevnp_revnp, /0, /vadc/0/group/0/result/12/grevnp_revnp, /0, /vadc/0/group/0/result/10/grevnp_revnp, /0, /vadc/0/group/0/result/13/grevnp_revnp, /0, /vadc/0/group/0/result/14/grevnp_revnp, /0, /vadc/0/global_result/globevnp_revnp, /0, /vadc/0/group/0/result_adv/1/grevnp_revnp, /0, /vadc/0/group/0/result_adv/0/grevnp_revnp, /0, /vadc/0/group/0/result_adv/3/grevnp_revnp, /0, /vadc/0/group/0/result_adv/2/grevnp_revnp, /0, /vadc/0/group/1/result/12/grevnp_revnp, /0, /vadc/0/group/1/result/13/grevnp_revnp, /0, /vadc/0/group/1/result/14/grevnp_revnp, /0, /vadc/0/group/1/result/10/grevnp_revnp, /0, /vadc/0/group/1/result/11/grevnp_revnp, /0, /vadc/0/group/0/queue/gqctrl0_gtsel, /0, /vadc/0/group/0/queue/gqctrl0_xtsel, /0, /vadc/0/group/0/queue/gsevnp_sev0np, /0, /vadc/0/group/1/sync/gsynctr_evalr1, /0, /vadc/0/group/1/sync/gsynctr_stsel, /0, /vadc/0/group/1/sync/gsynctr_evalr2, /0, /vadc/0/group/1/sync/gsynctr_evalr3, /0, /vadc/0/group/0/scan/gasctrl_gtsel, /0, /vadc/0/group/0/scan/gasctrl_xtsel, /2, /vadc/0/group/0/scan/gsevnp_sev1np, /1, /vadc/0/group/1/result/9/grevnp_revnp, /0, /vadc/0/group/0/sync/gsynctr_evalr1, /0, /vadc/0/group/0/sync/gsynctr_stsel, /0, /vadc/0/group/0/sync/gsynctr_evalr2, /0, /vadc/0/group/0/sync/gsynctr_evalr3, /0, /vadc/0/group/1/result/8/grevnp_revnp, /0, /vadc/0/group/1/result/5/grevnp_revnp, /0, /vadc/0/group/1/result/6/grevnp_revnp, /0, /vadc/0/group/1/result/4/grevnp_revnp, /0, /vadc/0/group/1/ch/2/gchctr_resreg, /7, /vadc/0/group/1/ch/2/gcevnp0_cevnp, /0, /vadc/0/group/1/ch/2/gchctr_iclsel, /0, /vadc/0/group/1/ch/3/gchctr_resreg, /2, /vadc/0/group/1/ch/3/gcevnp0_cevnp, /0, /vadc/0/group/1/ch/3/gchctr_iclsel, /0, /vadc/0/group/1/ch/4/gchctr_resreg, /1, /vadc/0/group/1/ch/4/gcevnp0_cevnp, /0, /vadc/0/group/1/ch/4/gchctr_iclsel, /0, /vadc/0/group/1/ch/5/gchctr_resreg, /0, /vadc/0/group/1/ch/5/gcevnp0_cevnp, /0, /vadc/0/group/1/ch/5/gchctr_iclsel, /0, /vadc/0/group/1/ch/6/gchctr_resreg, /15, /vadc/0/group/1/ch/6/gcevnp0_cevnp, /0, /vadc/0/group/1/ch/6/gchctr_iclsel, /0, /vadc/0/group/1/ch/7/gchctr_resreg, /3, /vadc/0/group/1/ch/7/gcevnp0_cevnp, /0, /vadc/0/group/1/ch/7/gchctr_iclsel, /0, /vadc/0/group/1/ch/0/galias_alias0, /0, /vadc/0/group/1/ch/0/gchctr_resreg, /13, /vadc/0/group/1/ch/0/gcevnp0_cevnp, /0, /vadc/0/group/1/ch/0/gchctr_iclsel, /0, /vadc/0/group/1/ch/1/galias_alias1, /1, /vadc/0/group/1/ch/1/gchctr_resreg, /12, /vadc/0/group/1/ch/1/gcevnp0_cevnp, /0, /vadc/0/group/1/ch/1/gchctr_iclsel, /0, /vadc/0/group/0/result_filter/7/grevnp_revnp, /0, /vadc/0/emux/1/emuxsel_emuxgrp, /0, /vadc/0/emux/0/emuxsel_emuxgrp, /0, /can/0/mo/35/moipr_rxinp, /0, /can/0/mo/35/moipr_txinp, /0, /can/0/mo/34/moipr_rxinp, /0, /can/0/mo/34/moipr_txinp, /0, /can/0/mo/33/moipr_rxinp, /0, /can/0/mo/33/moipr_txinp, /0, /can/0/mo/32/moipr_rxinp, /0, /can/0/mo/32/moipr_txinp, /0, /can/0/mo/31/moipr_rxinp, /0, /can/0/mo/31/moipr_txinp, /0, /can/0/mo/30/moipr_rxinp, /0, /can/0/mo/30/moipr_txinp, /0, /can/0/mo/39/moipr_rxinp, /0, /can/0/mo/39/moipr_txinp, /0, /can/0/mo/38/moipr_rxinp, /0, /can/0/mo/38/moipr_txinp, /0, /can/0/mo/37/moipr_rxinp, /0, /can/0/mo/37/moipr_txinp, /0, /can/0/mo/36/moipr_rxinp, /0, /can/0/mo/36/moipr_txinp, /0, /can/0/mo/9/moipr_rxinp, /0, /can/0/mo/9/moipr_txinp, /0, /can/0/mo/60/moipr_rxinp, /0, /can/0/mo/60/moipr_txinp, /0, /can/0/mo/7/moipr_rxinp, /0, /can/0/mo/7/moipr_txinp, /0, /can/0/mo/8/moipr_rxinp, /0, /can/0/mo/8/moipr_txinp, /0, /can/0/mo/5/moipr_rxinp, /0, /can/0/mo/5/moipr_txinp, /0, /can/0/mo/6/moipr_rxinp, /0, /can/0/mo/6/moipr_txinp, /0, /can/0/mo/22/moipr_rxinp, /0, /can/0/mo/22/moipr_txinp, /0, /can/0/mo/21/moipr_rxinp, /0, /can/0/mo/21/moipr_txinp, /0, /can/0/mo/24/moipr_rxinp, /0, /can/0/mo/24/moipr_txinp, /0, /can/0/mo/23/moipr_rxinp, /0, /can/0/mo/23/moipr_txinp, /0, /can/0/node/0/npcr_rxsel, /0, /can/0/node/0/nipr_cfcinp, /0, /can/0/node/0/nipr_lecinp, /0, /can/0/node/0/nipr_alinp, /0, /can/0/node/0/nipr_trinp, /0, /can/0/node/1/npcr_rxsel, /0, /can/0/node/1/nipr_cfcinp, /0, /can/0/node/1/nipr_lecinp, /0, /can/0/node/1/nipr_alinp, /0, /can/0/node/1/nipr_trinp, /0, /can/0/mo/20/moipr_rxinp, /0, /can/0/mo/20/moipr_txinp, /0, /can/0/mo/29/moipr_rxinp, /0, /can/0/mo/29/moipr_txinp, /0, /can/0/mo/61/moipr_rxinp, /0, /can/0/mo/61/moipr_txinp, /0, /can/0/mo/26/moipr_rxinp, /0, /can/0/mo/26/moipr_txinp, /0, /can/0/mo/25/moipr_rxinp, /0, /can/0/mo/25/moipr_txinp, /0, /can/0/mo/62/moipr_rxinp, /0, /can/0/mo/62/moipr_txinp, /0, /can/0/mo/28/moipr_rxinp, /0, /can/0/mo/28/moipr_txinp, /0, /can/0/mo/63/moipr_rxinp, /0, /can/0/mo/63/moipr_txinp, /0, /can/0/mo/27/moipr_rxinp, /0, /can/0/mo/27/moipr_txinp, /0, /can/0/mo/58/moipr_rxinp, /0, /can/0/mo/58/moipr_txinp, /0, /can/0/mo/59/moipr_rxinp, /0, /can/0/mo/59/moipr_txinp, /0, /can/0/mo/0/moipr_rxinp, /0, /can/0/mo/0/moipr_txinp, /0, /can/0/mo/13/moipr_rxinp, /0, /can/0/mo/13/moipr_txinp, /0, /can/0/mo/1/moipr_rxinp, /0, /can/0/mo/1/moipr_txinp, /0, /can/0/mo/2/moipr_rxinp, /0, /can/0/mo/2/moipr_txinp, /0, /can/0/mo/12/moipr_rxinp, /0, /can/0/mo/12/moipr_txinp, /0, /can/0/mo/3/moipr_rxinp, /0, /can/0/mo/3/moipr_txinp, /0, /can/0/mo/11/moipr_rxinp, /0, /can/0/mo/11/moipr_txinp, /0, /can/0/mo/4/moipr_rxinp, /0, /can/0/mo/4/moipr_txinp, /0, /can/0/mo/10/moipr_rxinp, /0, /can/0/mo/10/moipr_txinp, /0, /can/0/mo/17/moipr_rxinp, /0, /can/0/mo/17/moipr_txinp, /0, /can/0/mo/52/moipr_rxinp, /0, /can/0/mo/52/moipr_txinp, /0, /can/0/mo/16/moipr_rxinp, /0, /can/0/mo/16/moipr_txinp, /0, /can/0/mo/53/moipr_rxinp, /0, /can/0/mo/53/moipr_txinp, /0, /can/0/mo/50/moipr_rxinp, /0, /can/0/mo/50/moipr_txinp, /0, /can/0/mo/15/moipr_rxinp, /0, /can/0/mo/15/moipr_txinp, /0, /can/0/mo/51/moipr_rxinp, /0, /can/0/mo/51/moipr_txinp, /0, /can/0/mo/14/moipr_rxinp, /0, /can/0/mo/14/moipr_txinp, /0, /can/0/mo/56/moipr_rxinp, /0, /can/0/mo/56/moipr_txinp, /0, /can/0/mo/57/moipr_rxinp, /0, /can/0/mo/57/moipr_txinp, /0, /can/0/mo/54/moipr_rxinp, /0, /can/0/mo/54/moipr_txinp, /0, /can/0/mo/19/moipr_rxinp, /0, /can/0/mo/19/moipr_txinp, /0, /can/0/mo/18/moipr_rxinp, /0, /can/0/mo/18/moipr_txinp, /0, /can/0/mo/55/moipr_rxinp, /0, /can/0/mo/55/moipr_txinp, /0, /can/0/mo/47/moipr_rxinp, /0, /can/0/mo/47/moipr_txinp, /0, /can/0/mo/48/moipr_rxinp, /0, /can/0/mo/48/moipr_txinp, /0, /can/0/mo/49/moipr_rxinp, /0, /can/0/mo/49/moipr_txinp, /0, /can/0/mo/40/moipr_rxinp, /0, /can/0/mo/40/moipr_txinp, /0, /can/0/mo/41/moipr_rxinp, /0, /can/0/mo/41/moipr_txinp, /0, /can/0/mo/42/moipr_rxinp, /0, /can/0/mo/42/moipr_txinp, /0, /can/0/mo/43/moipr_rxinp, /0, /can/0/mo/43/moipr_txinp, /0, /can/0/mo/44/moipr_rxinp, /0, /can/0/mo/44/moipr_txinp, /0, /can/0/mo/45/moipr_rxinp, /0, /can/0/mo/45/moipr_txinp, /0, /can/0/mo/46/moipr_rxinp, /0, /can/0/mo/46/moipr_txinp, /0, /cpu/0/nvic/interrupt/103/iser_setena, /0, /cpu/0/nvic/interrupt/10/iser_setena, /0, /cpu/0/nvic/interrupt/11/iser_setena, /0, /cpu/0/nvic/interrupt/13/iser_setena, /0, /cpu/0/nvic/interrupt/9/iser_setena, /0]


